2019-11-15T12:34:23.067140Z 0 [Warning] TIMESTAMP with implicit DEFAULT value is deprecated. Please use --explicit_defaults_for_timestamp server option (see documentation for more details).
2019-11-15T12:34:23.067140Z 0 [Warning] 'NO_ZERO_DATE', 'NO_ZERO_IN_DATE' and 'ERROR_FOR_DIVISION_BY_ZERO' sql modes should be used with strict mode. They will be merged with strict mode in a future release.
2019-11-15T12:34:23.067140Z 0 [Warning] 'NO_AUTO_CREATE_USER' sql mode was not set.
2019-11-15T12:34:23.067140Z 0 [Warning] Insecure configuration for --secure-file-priv: Current value does not restrict location of generated files. Consider setting it to a valid, non-empty path.
2019-11-15T12:34:23.067140Z 0 [ERROR] Cannot open Windows EventLog; check privileges, or start server with --log_syslog=0
2019-11-15T12:34:23.067140Z 0 [Note] F:\MemoireVive\bin\database\mysql-5.7.11\bin\mysqld.exe (mysqld 5.7.11) starting as process 11612 ...
2019-11-15T12:34:24.901348Z 0 [ERROR] Can't open shared library 'F:\MemoireVive\bin\database\mysql-5.7.11\lib\plugin\keyring_file.dll' (errno: 126 Le module spécifié est introuvable.)
2019-11-15T12:34:24.901844Z 0 [ERROR] Couldn't load plugin named 'keyring_file' with soname 'keyring_file.dll'.
2019-11-15T12:34:24.902836Z 0 [Note] InnoDB: Mutexes and rw_locks use Windows interlocked functions
2019-11-15T12:34:24.902836Z 0 [Note] InnoDB: Uses event mutexes
2019-11-15T12:34:24.903332Z 0 [Note] InnoDB: Memory barrier is not used
2019-11-15T12:34:24.903332Z 0 [Note] InnoDB: Compressed tables use zlib 1.2.3
2019-11-15T12:34:24.904324Z 0 [Note] InnoDB: Number of pools: 1
2019-11-15T12:34:24.904324Z 0 [Note] InnoDB: Not using CPU crc32 instructions
2019-11-15T12:34:24.948964Z 0 [Note] InnoDB: Initializing buffer pool, total size = 128M, instances = 1, chunk size = 128M
2019-11-15T12:34:24.955412Z 0 [Note] InnoDB: Completed initialization of buffer pool
2019-11-15T12:34:25.874005Z 0 [Note] InnoDB: Highest supported file format is Barracuda.
2019-11-15T12:34:29.285495Z 0 [Note] InnoDB: Creating shared tablespace for temporary tables
2019-11-15T12:34:29.295911Z 0 [Note] InnoDB: Setting file '.\ibtmp1' size to 12 MB. Physically writing the file full; Please wait ...
2019-11-15T12:34:33.435529Z 0 [Note] InnoDB: File '.\ibtmp1' size is now 12 MB.
2019-11-15T12:34:33.511913Z 0 [Note] InnoDB: 96 redo rollback segment(s) found. 96 redo rollback segment(s) are active.
2019-11-15T12:34:33.512408Z 0 [Note] InnoDB: 32 non-redo rollback segment(s) are active.
2019-11-15T12:34:33.523817Z 0 [Note] InnoDB: page_cleaner: 1000ms intended loop took 8556ms. The settings might not be optimal. (flushed=0 and evicted=0, during the time.)
2019-11-15T12:34:33.536216Z 0 [Note] InnoDB: 5.7.11 started; log sequence number 2649489
2019-11-15T12:34:33.538200Z 0 [Note] Plugin 'FEDERATED' is disabled.
2019-11-15T12:34:33.539688Z 0 [Note] InnoDB: Loading buffer pool(s) from F:\MemoireVive\bin\database\mysql-5.7.11\data\ib_buffer_pool
2019-11-15T12:34:38.314187Z 0 [Warning] Failed to set up SSL because of the following SSL library error: SSL context is not usable without certificate and private key
2019-11-15T12:34:38.316171Z 0 [Note] Server hostname (bind-address): '*'; port: 3306
2019-11-15T12:34:38.316667Z 0 [Note] IPv6 is available.
2019-11-15T12:34:38.316667Z 0 [Note]   - '::' resolves to '::';
2019-11-15T12:34:38.317163Z 0 [Note] Server socket created on IP: '::'.
2019-11-15T12:34:38.822587Z 0 [Note] InnoDB: Buffer pool(s) load completed at 191115 13:34:38
2019-11-15T12:34:39.934123Z 0 [Note] Event Scheduler: Loaded 0 events
2019-11-15T12:34:39.935612Z 0 [Note] F:\MemoireVive\bin\database\mysql-5.7.11\bin\mysqld.exe: ready for connections.
Version: '5.7.11'  socket: ''  port: 3306  MySQL Community Server (GPL)
2019-11-15T12:37:19.078477Z 0 [Note] F:\MemoireVive\bin\database\mysql-5.7.11\bin\mysqld.exe: Normal shutdown

2019-11-15T12:37:19.079441Z 0 [Note] Giving 0 client threads a chance to die gracefully
2019-11-15T12:37:19.079441Z 0 [Note] Shutting down slave threads
2019-11-15T12:37:19.079937Z 0 [Note] Forcefully disconnecting 0 remaining clients
2019-11-15T12:37:19.079937Z 0 [Note] Event Scheduler: Purging the queue. 0 events
2019-11-15T12:37:19.080432Z 0 [Note] Binlog end
2019-11-15T12:37:19.081423Z 0 [Note] Shutting down plugin 'ngram'
2019-11-15T12:37:19.081423Z 0 [Note] Shutting down plugin 'partition'
2019-11-15T12:37:19.081919Z 0 [Note] Shutting down plugin 'BLACKHOLE'
2019-11-15T12:37:19.081919Z 0 [Note] Shutting down plugin 'ARCHIVE'
2019-11-15T12:37:19.082414Z 0 [Note] Shutting down plugin 'PERFORMANCE_SCHEMA'
2019-11-15T12:37:19.082414Z 0 [Note] Shutting down plugin 'MRG_MYISAM'
2019-11-15T12:37:19.082910Z 0 [Note] Shutting down plugin 'MyISAM'
2019-11-15T12:37:19.082910Z 0 [Note] Shutting down plugin 'INNODB_SYS_VIRTUAL'
2019-11-15T12:37:19.083406Z 0 [Note] Shutting down plugin 'INNODB_SYS_DATAFILES'
2019-11-15T12:37:19.083909Z 0 [Note] Shutting down plugin 'INNODB_SYS_TABLESPACES'
2019-11-15T12:37:19.083909Z 0 [Note] Shutting down plugin 'INNODB_SYS_FOREIGN_COLS'
2019-11-15T12:37:19.084425Z 0 [Note] Shutting down plugin 'INNODB_SYS_FOREIGN'
2019-11-15T12:37:19.084425Z 0 [Note] Shutting down plugin 'INNODB_SYS_FIELDS'
2019-11-15T12:37:19.084919Z 0 [Note] Shutting down plugin 'INNODB_SYS_COLUMNS'
2019-11-15T12:37:19.084919Z 0 [Note] Shutting down plugin 'INNODB_SYS_INDEXES'
2019-11-15T12:37:19.085418Z 0 [Note] Shutting down plugin 'INNODB_SYS_TABLESTATS'
2019-11-15T12:37:19.085418Z 0 [Note] Shutting down plugin 'INNODB_SYS_TABLES'
2019-11-15T12:37:19.085910Z 0 [Note] Shutting down plugin 'INNODB_FT_INDEX_TABLE'
2019-11-15T12:37:19.085910Z 0 [Note] Shutting down plugin 'INNODB_FT_INDEX_CACHE'
2019-11-15T12:37:19.086406Z 0 [Note] Shutting down plugin 'INNODB_FT_CONFIG'
2019-11-15T12:37:19.086406Z 0 [Note] Shutting down plugin 'INNODB_FT_BEING_DELETED'
2019-11-15T12:37:19.086406Z 0 [Note] Shutting down plugin 'INNODB_FT_DELETED'
2019-11-15T12:37:19.086902Z 0 [Note] Shutting down plugin 'INNODB_FT_DEFAULT_STOPWORD'
2019-11-15T12:37:19.086902Z 0 [Note] Shutting down plugin 'INNODB_METRICS'
2019-11-15T12:37:19.087397Z 0 [Note] Shutting down plugin 'INNODB_TEMP_TABLE_INFO'
2019-11-15T12:37:19.087867Z 0 [Note] Shutting down plugin 'INNODB_BUFFER_POOL_STATS'
2019-11-15T12:37:19.087867Z 0 [Note] Shutting down plugin 'INNODB_BUFFER_PAGE_LRU'
2019-11-15T12:37:19.088388Z 0 [Note] Shutting down plugin 'INNODB_BUFFER_PAGE'
2019-11-15T12:37:19.088881Z 0 [Note] Shutting down plugin 'INNODB_CMP_PER_INDEX_RESET'
2019-11-15T12:37:19.089382Z 0 [Note] Shutting down plugin 'INNODB_CMP_PER_INDEX'
2019-11-15T12:37:19.089382Z 0 [Note] Shutting down plugin 'INNODB_CMPMEM_RESET'
2019-11-15T12:37:19.089875Z 0 [Note] Shutting down plugin 'INNODB_CMPMEM'
2019-11-15T12:37:19.089875Z 0 [Note] Shutting down plugin 'INNODB_CMP_RESET'
2019-11-15T12:37:19.090372Z 0 [Note] Shutting down plugin 'INNODB_CMP'
2019-11-15T12:37:19.090372Z 0 [Note] Shutting down plugin 'INNODB_LOCK_WAITS'
2019-11-15T12:37:19.090372Z 0 [Note] Shutting down plugin 'INNODB_LOCKS'
2019-11-15T12:37:19.090866Z 0 [Note] Shutting down plugin 'INNODB_TRX'
2019-11-15T12:37:19.090866Z 0 [Note] Shutting down plugin 'InnoDB'
2019-11-15T12:37:19.091361Z 0 [Note] InnoDB: FTS optimize thread exiting.
2019-11-15T12:37:19.091835Z 0 [Note] InnoDB: Starting shutdown...
2019-11-15T12:37:19.192536Z 0 [Note] InnoDB: Dumping buffer pool(s) to F:\MemoireVive\bin\database\mysql-5.7.11\data\ib_buffer_pool
2019-11-15T12:37:19.249990Z 0 [Note] InnoDB: Buffer pool(s) dump completed at 191115 13:37:19
2019-11-15T12:37:20.734567Z 0 [Note] InnoDB: Shutdown completed; log sequence number 2649517
2019-11-15T12:37:20.785762Z 0 [Note] InnoDB: Removed temporary tablespace data file: "ibtmp1"
2019-11-15T12:37:20.786261Z 0 [Note] Shutting down plugin 'MEMORY'
2019-11-15T12:37:20.786755Z 0 [Note] Shutting down plugin 'CSV'
2019-11-15T12:37:20.787250Z 0 [Note] Shutting down plugin 'sha256_password'
2019-11-15T12:37:20.787746Z 0 [Note] Shutting down plugin 'mysql_native_password'
2019-11-15T12:37:20.788241Z 0 [Note] Shutting down plugin 'binlog'
2019-11-15T12:37:20.816752Z 0 [Note] F:\MemoireVive\bin\database\mysql-5.7.11\bin\mysqld.exe: Shutdown complete

2019-11-15T12:39:47.022043Z 0 [Warning] TIMESTAMP with implicit DEFAULT value is deprecated. Please use --explicit_defaults_for_timestamp server option (see documentation for more details).
2019-11-15T12:39:47.022043Z 0 [Warning] 'NO_ZERO_DATE', 'NO_ZERO_IN_DATE' and 'ERROR_FOR_DIVISION_BY_ZERO' sql modes should be used with strict mode. They will be merged with strict mode in a future release.
2019-11-15T12:39:47.022043Z 0 [Warning] 'NO_AUTO_CREATE_USER' sql mode was not set.
2019-11-15T12:39:47.022043Z 0 [Warning] Insecure configuration for --secure-file-priv: Current value does not restrict location of generated files. Consider setting it to a valid, non-empty path.
2019-11-15T12:39:47.022539Z 0 [ERROR] Cannot open Windows EventLog; check privileges, or start server with --log_syslog=0
2019-11-15T12:39:47.022539Z 0 [Note] F:\MemoireVive\bin\database\mysql-5.7.11\bin\mysqld.exe (mysqld 5.7.11) starting as process 10724 ...
2019-11-15T12:39:48.667467Z 0 [ERROR] Can't open shared library 'F:\MemoireVive\bin\database\mysql-5.7.11\lib\plugin\keyring_file.dll' (errno: 126 Le module spécifié est introuvable.)
2019-11-15T12:39:48.668458Z 0 [ERROR] Couldn't load plugin named 'keyring_file' with soname 'keyring_file.dll'.
2019-11-15T12:39:48.668953Z 0 [Note] InnoDB: Mutexes and rw_locks use Windows interlocked functions
2019-11-15T12:39:48.669448Z 0 [Note] InnoDB: Uses event mutexes
2019-11-15T12:39:48.669448Z 0 [Note] InnoDB: Memory barrier is not used
2019-11-15T12:39:48.669944Z 0 [Note] InnoDB: Compressed tables use zlib 1.2.3
2019-11-15T12:39:48.670439Z 0 [Note] InnoDB: Number of pools: 1
2019-11-15T12:39:48.670439Z 0 [Note] InnoDB: Not using CPU crc32 instructions
2019-11-15T12:39:48.725446Z 0 [Note] InnoDB: Initializing buffer pool, total size = 128M, instances = 1, chunk size = 128M
2019-11-15T12:39:48.733374Z 0 [Note] InnoDB: Completed initialization of buffer pool
2019-11-15T12:39:50.642343Z 0 [Note] InnoDB: Highest supported file format is Barracuda.
2019-11-15T12:39:51.451182Z 0 [Note] InnoDB: Creating shared tablespace for temporary tables
2019-11-15T12:39:51.454156Z 0 [Note] InnoDB: Setting file '.\ibtmp1' size to 12 MB. Physically writing the file full; Please wait ...
2019-11-15T12:39:55.442437Z 0 [Note] InnoDB: File '.\ibtmp1' size is now 12 MB.
2019-11-15T12:39:55.483154Z 0 [Note] InnoDB: 96 redo rollback segment(s) found. 96 redo rollback segment(s) are active.
2019-11-15T12:39:55.483638Z 0 [Note] InnoDB: 32 non-redo rollback segment(s) are active.
2019-11-15T12:39:55.499436Z 0 [Note] InnoDB: page_cleaner: 1000ms intended loop took 6756ms. The settings might not be optimal. (flushed=0 and evicted=0, during the time.)
2019-11-15T12:39:55.502407Z 0 [Note] InnoDB: 5.7.11 started; log sequence number 2649517
2019-11-15T12:39:55.503894Z 0 [Note] InnoDB: Loading buffer pool(s) from F:\MemoireVive\bin\database\mysql-5.7.11\data\ib_buffer_pool
2019-11-15T12:39:55.505382Z 0 [Note] Plugin 'FEDERATED' is disabled.
2019-11-15T12:39:58.438827Z 0 [Warning] Failed to set up SSL because of the following SSL library error: SSL context is not usable without certificate and private key
2019-11-15T12:39:58.441304Z 0 [Note] Server hostname (bind-address): '*'; port: 3306
2019-11-15T12:39:58.441799Z 0 [Note] IPv6 is available.
2019-11-15T12:39:58.441799Z 0 [Note]   - '::' resolves to '::';
2019-11-15T12:39:58.442295Z 0 [Note] Server socket created on IP: '::'.
2019-11-15T12:39:58.573587Z 0 [Note] Event Scheduler: Loaded 0 events
2019-11-15T12:39:58.577551Z 0 [Note] F:\MemoireVive\bin\database\mysql-5.7.11\bin\mysqld.exe: ready for connections.
Version: '5.7.11'  socket: ''  port: 3306  MySQL Community Server (GPL)
2019-11-15T12:39:58.726364Z 0 [Note] InnoDB: Buffer pool(s) load completed at 191115 13:39:58
2019-11-15T13:22:32.190421Z 0 [Note] F:\MemoireVive\bin\database\mysql-5.7.11\bin\mysqld.exe: Normal shutdown

2019-11-15T13:22:32.191412Z 0 [Note] Giving 0 client threads a chance to die gracefully
2019-11-15T13:22:32.191412Z 0 [Note] Shutting down slave threads
2019-11-15T13:22:32.191908Z 0 [Note] Forcefully disconnecting 0 remaining clients
2019-11-15T13:22:32.192405Z 0 [Note] Event Scheduler: Purging the queue. 0 events
2019-11-15T13:22:32.192901Z 0 [Note] Binlog end
2019-11-15T13:22:32.193893Z 0 [Note] Shutting down plugin 'ngram'
2019-11-15T13:22:32.193893Z 0 [Note] Shutting down plugin 'partition'
2019-11-15T13:22:32.194388Z 0 [Note] Shutting down plugin 'BLACKHOLE'
2019-11-15T13:22:32.194388Z 0 [Note] Shutting down plugin 'ARCHIVE'
2019-11-15T13:22:32.194884Z 0 [Note] Shutting down plugin 'PERFORMANCE_SCHEMA'
2019-11-15T13:22:32.194884Z 0 [Note] Shutting down plugin 'MRG_MYISAM'
2019-11-15T13:22:32.195380Z 0 [Note] Shutting down plugin 'MyISAM'
2019-11-15T13:22:32.195380Z 0 [Note] Shutting down plugin 'INNODB_SYS_VIRTUAL'
2019-11-15T13:22:32.195876Z 0 [Note] Shutting down plugin 'INNODB_SYS_DATAFILES'
2019-11-15T13:22:32.195876Z 0 [Note] Shutting down plugin 'INNODB_SYS_TABLESPACES'
2019-11-15T13:22:32.196372Z 0 [Note] Shutting down plugin 'INNODB_SYS_FOREIGN_COLS'
2019-11-15T13:22:32.196372Z 0 [Note] Shutting down plugin 'INNODB_SYS_FOREIGN'
2019-11-15T13:22:32.196868Z 0 [Note] Shutting down plugin 'INNODB_SYS_FIELDS'
2019-11-15T13:22:32.196868Z 0 [Note] Shutting down plugin 'INNODB_SYS_COLUMNS'
2019-11-15T13:22:32.197364Z 0 [Note] Shutting down plugin 'INNODB_SYS_INDEXES'
2019-11-15T13:22:32.197364Z 0 [Note] Shutting down plugin 'INNODB_SYS_TABLESTATS'
2019-11-15T13:22:32.197861Z 0 [Note] Shutting down plugin 'INNODB_SYS_TABLES'
2019-11-15T13:22:32.197861Z 0 [Note] Shutting down plugin 'INNODB_FT_INDEX_TABLE'
2019-11-15T13:22:32.198387Z 0 [Note] Shutting down plugin 'INNODB_FT_INDEX_CACHE'
2019-11-15T13:22:32.198387Z 0 [Note] Shutting down plugin 'INNODB_FT_CONFIG'
2019-11-15T13:22:32.198881Z 0 [Note] Shutting down plugin 'INNODB_FT_BEING_DELETED'
2019-11-15T13:22:32.198881Z 0 [Note] Shutting down plugin 'INNODB_FT_DELETED'
2019-11-15T13:22:32.199375Z 0 [Note] Shutting down plugin 'INNODB_FT_DEFAULT_STOPWORD'
2019-11-15T13:22:32.199375Z 0 [Note] Shutting down plugin 'INNODB_METRICS'
2019-11-15T13:22:32.199844Z 0 [Note] Shutting down plugin 'INNODB_TEMP_TABLE_INFO'
2019-11-15T13:22:32.199844Z 0 [Note] Shutting down plugin 'INNODB_BUFFER_POOL_STATS'
2019-11-15T13:22:32.200340Z 0 [Note] Shutting down plugin 'INNODB_BUFFER_PAGE_LRU'
2019-11-15T13:22:32.200340Z 0 [Note] Shutting down plugin 'INNODB_BUFFER_PAGE'
2019-11-15T13:22:32.200864Z 0 [Note] Shutting down plugin 'INNODB_CMP_PER_INDEX_RESET'
2019-11-15T13:22:32.200864Z 0 [Note] Shutting down plugin 'INNODB_CMP_PER_INDEX'
2019-11-15T13:22:32.201359Z 0 [Note] Shutting down plugin 'INNODB_CMPMEM_RESET'
2019-11-15T13:22:32.201359Z 0 [Note] Shutting down plugin 'INNODB_CMPMEM'
2019-11-15T13:22:32.201852Z 0 [Note] Shutting down plugin 'INNODB_CMP_RESET'
2019-11-15T13:22:32.201852Z 0 [Note] Shutting down plugin 'INNODB_CMP'
2019-11-15T13:22:32.202325Z 0 [Note] Shutting down plugin 'INNODB_LOCK_WAITS'
2019-11-15T13:22:32.202325Z 0 [Note] Shutting down plugin 'INNODB_LOCKS'
2019-11-15T13:22:32.202847Z 0 [Note] Shutting down plugin 'INNODB_TRX'
2019-11-15T13:22:32.202847Z 0 [Note] Shutting down plugin 'InnoDB'
2019-11-15T13:22:32.203316Z 0 [Note] InnoDB: FTS optimize thread exiting.
2019-11-15T13:22:32.203816Z 0 [Note] InnoDB: Starting shutdown...
2019-11-15T13:22:32.304577Z 0 [Note] InnoDB: Dumping buffer pool(s) to F:\MemoireVive\bin\database\mysql-5.7.11\data\ib_buffer_pool
2019-11-15T13:22:32.367142Z 0 [Note] InnoDB: Buffer pool(s) dump completed at 191115 14:22:32
2019-11-15T13:22:36.794314Z 0 [Note] InnoDB: Shutdown completed; log sequence number 2649545
2019-11-15T13:22:36.845017Z 0 [Note] InnoDB: Removed temporary tablespace data file: "ibtmp1"
2019-11-15T13:22:36.845510Z 0 [Note] Shutting down plugin 'MEMORY'
2019-11-15T13:22:36.845510Z 0 [Note] Shutting down plugin 'CSV'
2019-11-15T13:22:36.846007Z 0 [Note] Shutting down plugin 'sha256_password'
2019-11-15T13:22:36.846504Z 0 [Note] Shutting down plugin 'mysql_native_password'
2019-11-15T13:22:36.847495Z 0 [Note] Shutting down plugin 'binlog'
2019-11-15T13:22:36.886421Z 0 [Note] F:\MemoireVive\bin\database\mysql-5.7.11\bin\mysqld.exe: Shutdown complete

