2017-09-06T08:17:22.177607Z 0 [Warning] TIMESTAMP with implicit DEFAULT value is deprecated. Please use --explicit_defaults_for_timestamp server option (see documentation for more details).
2017-09-06T08:17:22.178607Z 0 [Warning] 'NO_ZERO_DATE', 'NO_ZERO_IN_DATE' and 'ERROR_FOR_DIVISION_BY_ZERO' sql modes should be used with strict mode. They will be merged with strict mode in a future release.
2017-09-06T08:17:22.178607Z 0 [Warning] 'NO_AUTO_CREATE_USER' sql mode was not set.
2017-09-06T08:17:22.178607Z 0 [Warning] Insecure configuration for --secure-file-priv: Current value does not restrict location of generated files. Consider setting it to a valid, non-empty path.
2017-09-06T08:17:22.178607Z 0 [Note] F:\UwAmp\bin\database\mysql-5.7.11\bin\mysqld.exe (mysqld 5.7.11) starting as process 5208 ...
2017-09-06T08:17:22.249611Z 0 [ERROR] Can't open shared library 'F:\UwAmp\bin\database\mysql-5.7.11\lib\plugin\keyring_file.dll' (errno: 126 Le module spécifié est introuvable.)
2017-09-06T08:17:22.252611Z 0 [ERROR] Couldn't load plugin named 'keyring_file' with soname 'keyring_file.dll'.
2017-09-06T08:17:22.255612Z 0 [Note] InnoDB: Mutexes and rw_locks use Windows interlocked functions
2017-09-06T08:17:22.256612Z 0 [Note] InnoDB: Uses event mutexes
2017-09-06T08:17:22.257612Z 0 [Note] InnoDB: Memory barrier is not used
2017-09-06T08:17:22.258612Z 0 [Note] InnoDB: Compressed tables use zlib 1.2.3
2017-09-06T08:17:22.260612Z 0 [Note] InnoDB: Number of pools: 1
2017-09-06T08:17:22.261612Z 0 [Note] InnoDB: Not using CPU crc32 instructions
2017-09-06T08:17:22.342616Z 0 [Note] InnoDB: Initializing buffer pool, total size = 128M, instances = 1, chunk size = 128M
2017-09-06T08:17:22.358617Z 0 [Note] InnoDB: Completed initialization of buffer pool
2017-09-06T08:17:22.893648Z 0 [Note] InnoDB: Highest supported file format is Barracuda.
2017-09-06T08:17:24.199723Z 0 [Note] InnoDB: Creating shared tablespace for temporary tables
2017-09-06T08:17:24.203723Z 0 [Note] InnoDB: Setting file '.\ibtmp1' size to 12 MB. Physically writing the file full; Please wait ...
2017-09-06T08:17:27.719924Z 0 [Note] InnoDB: File '.\ibtmp1' size is now 12 MB.
2017-09-06T08:17:27.747926Z 0 [Note] InnoDB: 96 redo rollback segment(s) found. 96 redo rollback segment(s) are active.
2017-09-06T08:17:27.750926Z 0 [Note] InnoDB: 32 non-redo rollback segment(s) are active.
2017-09-06T08:17:27.830930Z 0 [Note] InnoDB: page_cleaner: 1000ms intended loop took 5312ms. The settings might not be optimal. (flushed=0 and evicted=0, during the time.)
2017-09-06T08:17:27.831930Z 0 [Note] InnoDB: 5.7.11 started; log sequence number 2648300
2017-09-06T08:17:27.867933Z 0 [Note] InnoDB: Loading buffer pool(s) from F:\UwAmp\bin\database\mysql-5.7.11\data\ib_buffer_pool
2017-09-06T08:17:27.889934Z 0 [Note] Plugin 'FEDERATED' is disabled.
2017-09-06T08:17:29.189008Z 0 [Warning] Failed to set up SSL because of the following SSL library error: SSL context is not usable without certificate and private key
2017-09-06T08:17:29.193008Z 0 [Note] Server hostname (bind-address): '*'; port: 3306
2017-09-06T08:17:29.203009Z 0 [Note] IPv6 is available.
2017-09-06T08:17:29.204009Z 0 [Note]   - '::' resolves to '::';
2017-09-06T08:17:29.205009Z 0 [Note] Server socket created on IP: '::'.
2017-09-06T08:17:29.334016Z 0 [Note] InnoDB: Buffer pool(s) load completed at 170906 10:17:29
2017-09-06T08:17:30.207066Z 0 [Note] Event Scheduler: Loaded 0 events
2017-09-06T08:17:30.223067Z 0 [Note] F:\UwAmp\bin\database\mysql-5.7.11\bin\mysqld.exe: ready for connections.
Version: '5.7.11'  socket: ''  port: 3306  MySQL Community Server (GPL)
2017-09-06T08:22:14.963353Z 0 [Note] F:\UwAmp\bin\database\mysql-5.7.11\bin\mysqld.exe: Normal shutdown

2017-09-06T08:22:14.966354Z 0 [Note] Giving 0 client threads a chance to die gracefully
2017-09-06T08:22:14.967354Z 0 [Note] Shutting down slave threads
2017-09-06T08:22:14.969354Z 0 [Note] Forcefully disconnecting 0 remaining clients
2017-09-06T08:22:14.972354Z 0 [Note] Event Scheduler: Purging the queue. 0 events
2017-09-06T08:22:14.973354Z 0 [Note] Binlog end
2017-09-06T08:22:14.981354Z 0 [Note] Shutting down plugin 'ngram'
2017-09-06T08:22:14.983355Z 0 [Note] Shutting down plugin 'partition'
2017-09-06T08:22:14.984355Z 0 [Note] Shutting down plugin 'BLACKHOLE'
2017-09-06T08:22:14.985355Z 0 [Note] Shutting down plugin 'ARCHIVE'
2017-09-06T08:22:14.986355Z 0 [Note] Shutting down plugin 'PERFORMANCE_SCHEMA'
2017-09-06T08:22:14.989355Z 0 [Note] Shutting down plugin 'MRG_MYISAM'
2017-09-06T08:22:14.991355Z 0 [Note] Shutting down plugin 'MyISAM'
2017-09-06T08:22:14.992355Z 0 [Note] Shutting down plugin 'INNODB_SYS_VIRTUAL'
2017-09-06T08:22:14.994355Z 0 [Note] Shutting down plugin 'INNODB_SYS_DATAFILES'
2017-09-06T08:22:14.995355Z 0 [Note] Shutting down plugin 'INNODB_SYS_TABLESPACES'
2017-09-06T08:22:14.996355Z 0 [Note] Shutting down plugin 'INNODB_SYS_FOREIGN_COLS'
2017-09-06T08:22:14.997355Z 0 [Note] Shutting down plugin 'INNODB_SYS_FOREIGN'
2017-09-06T08:22:14.998355Z 0 [Note] Shutting down plugin 'INNODB_SYS_FIELDS'
2017-09-06T08:22:14.999356Z 0 [Note] Shutting down plugin 'INNODB_SYS_COLUMNS'
2017-09-06T08:22:15.000356Z 0 [Note] Shutting down plugin 'INNODB_SYS_INDEXES'
2017-09-06T08:22:15.001356Z 0 [Note] Shutting down plugin 'INNODB_SYS_TABLESTATS'
2017-09-06T08:22:15.001356Z 0 [Note] Shutting down plugin 'INNODB_SYS_TABLES'
2017-09-06T08:22:15.002356Z 0 [Note] Shutting down plugin 'INNODB_FT_INDEX_TABLE'
2017-09-06T08:22:15.003356Z 0 [Note] Shutting down plugin 'INNODB_FT_INDEX_CACHE'
2017-09-06T08:22:15.004356Z 0 [Note] Shutting down plugin 'INNODB_FT_CONFIG'
2017-09-06T08:22:15.005356Z 0 [Note] Shutting down plugin 'INNODB_FT_BEING_DELETED'
2017-09-06T08:22:15.006356Z 0 [Note] Shutting down plugin 'INNODB_FT_DELETED'
2017-09-06T08:22:15.007356Z 0 [Note] Shutting down plugin 'INNODB_FT_DEFAULT_STOPWORD'
2017-09-06T08:22:15.008356Z 0 [Note] Shutting down plugin 'INNODB_METRICS'
2017-09-06T08:22:15.008356Z 0 [Note] Shutting down plugin 'INNODB_TEMP_TABLE_INFO'
2017-09-06T08:22:15.009356Z 0 [Note] Shutting down plugin 'INNODB_BUFFER_POOL_STATS'
2017-09-06T08:22:15.010356Z 0 [Note] Shutting down plugin 'INNODB_BUFFER_PAGE_LRU'
2017-09-06T08:22:15.011356Z 0 [Note] Shutting down plugin 'INNODB_BUFFER_PAGE'
2017-09-06T08:22:15.012356Z 0 [Note] Shutting down plugin 'INNODB_CMP_PER_INDEX_RESET'
2017-09-06T08:22:15.013356Z 0 [Note] Shutting down plugin 'INNODB_CMP_PER_INDEX'
2017-09-06T08:22:15.014356Z 0 [Note] Shutting down plugin 'INNODB_CMPMEM_RESET'
2017-09-06T08:22:15.015356Z 0 [Note] Shutting down plugin 'INNODB_CMPMEM'
2017-09-06T08:22:15.015356Z 0 [Note] Shutting down plugin 'INNODB_CMP_RESET'
2017-09-06T08:22:15.016356Z 0 [Note] Shutting down plugin 'INNODB_CMP'
2017-09-06T08:22:15.017357Z 0 [Note] Shutting down plugin 'INNODB_LOCK_WAITS'
2017-09-06T08:22:15.018357Z 0 [Note] Shutting down plugin 'INNODB_LOCKS'
2017-09-06T08:22:15.019357Z 0 [Note] Shutting down plugin 'INNODB_TRX'
2017-09-06T08:22:15.019357Z 0 [Note] Shutting down plugin 'InnoDB'
2017-09-06T08:22:15.022357Z 0 [Note] InnoDB: FTS optimize thread exiting.
2017-09-06T08:22:15.022357Z 0 [Note] InnoDB: Starting shutdown...
2017-09-06T08:22:15.132363Z 0 [Note] InnoDB: Dumping buffer pool(s) to F:\UwAmp\bin\database\mysql-5.7.11\data\ib_buffer_pool
2017-09-06T08:22:15.153364Z 0 [Note] InnoDB: Buffer pool(s) dump completed at 170906 10:22:15
2017-09-06T08:22:16.391435Z 0 [Note] InnoDB: Shutdown completed; log sequence number 2648328
2017-09-06T08:22:16.398436Z 0 [Note] InnoDB: Removed temporary tablespace data file: "ibtmp1"
2017-09-06T08:22:16.399436Z 0 [Note] Shutting down plugin 'MEMORY'
2017-09-06T08:22:16.400436Z 0 [Note] Shutting down plugin 'CSV'
2017-09-06T08:22:16.400436Z 0 [Note] Shutting down plugin 'sha256_password'
2017-09-06T08:22:16.401436Z 0 [Note] Shutting down plugin 'mysql_native_password'
2017-09-06T08:22:16.402436Z 0 [Note] Shutting down plugin 'binlog'
2017-09-06T08:22:16.411436Z 0 [Note] F:\UwAmp\bin\database\mysql-5.7.11\bin\mysqld.exe: Shutdown complete

