2019-11-26T17:07:44.225417Z 0 [Warning] TIMESTAMP with implicit DEFAULT value is deprecated. Please use --explicit_defaults_for_timestamp server option (see documentation for more details).
2019-11-26T17:07:44.225417Z 0 [Warning] 'NO_ZERO_DATE', 'NO_ZERO_IN_DATE' and 'ERROR_FOR_DIVISION_BY_ZERO' sql modes should be used with strict mode. They will be merged with strict mode in a future release.
2019-11-26T17:07:44.225417Z 0 [Warning] 'NO_AUTO_CREATE_USER' sql mode was not set.
2019-11-26T17:07:44.225417Z 0 [Warning] Insecure configuration for --secure-file-priv: Current value does not restrict location of generated files. Consider setting it to a valid, non-empty path.
2019-11-26T17:07:44.225417Z 0 [Note] F:\MemoireVive\bin\database\mysql-5.7.11\bin\mysqld.exe (mysqld 5.7.11) starting as process 12356 ...
2019-11-26T17:07:46.063247Z 0 [ERROR] Can't open shared library 'F:\MemoireVive\bin\database\mysql-5.7.11\lib\plugin\keyring_file.dll' (errno: 126 Le module spécifié est introuvable.)
2019-11-26T17:07:46.064244Z 0 [ERROR] Couldn't load plugin named 'keyring_file' with soname 'keyring_file.dll'.
2019-11-26T17:07:46.065241Z 0 [Note] InnoDB: Mutexes and rw_locks use Windows interlocked functions
2019-11-26T17:07:46.066239Z 0 [Note] InnoDB: Uses event mutexes
2019-11-26T17:07:46.066239Z 0 [Note] InnoDB: Memory barrier is not used
2019-11-26T17:07:46.067236Z 0 [Note] InnoDB: Compressed tables use zlib 1.2.3
2019-11-26T17:07:46.068233Z 0 [Note] InnoDB: Number of pools: 1
2019-11-26T17:07:46.068233Z 0 [Note] InnoDB: Not using CPU crc32 instructions
2019-11-26T17:07:46.110150Z 0 [Note] InnoDB: Initializing buffer pool, total size = 128M, instances = 1, chunk size = 128M
2019-11-26T17:07:46.116137Z 0 [Note] InnoDB: Completed initialization of buffer pool
2019-11-26T17:07:46.944106Z 0 [Note] InnoDB: Highest supported file format is Barracuda.
2019-11-26T17:07:48.856385Z 0 [Note] InnoDB: Creating shared tablespace for temporary tables
2019-11-26T17:07:48.858367Z 0 [Note] InnoDB: Setting file '.\ibtmp1' size to 12 MB. Physically writing the file full; Please wait ...
2019-11-26T17:08:00.824698Z 0 [Note] InnoDB: File '.\ibtmp1' size is now 12 MB.
2019-11-26T17:08:00.903712Z 0 [Note] InnoDB: 96 redo rollback segment(s) found. 96 redo rollback segment(s) are active.
2019-11-26T17:08:00.903712Z 0 [Note] InnoDB: 32 non-redo rollback segment(s) are active.
2019-11-26T17:08:00.925167Z 0 [Note] InnoDB: page_cleaner: 1000ms intended loop took 14801ms. The settings might not be optimal. (flushed=0 and evicted=0, during the time.)
2019-11-26T17:08:00.938133Z 0 [Note] InnoDB: 5.7.11 started; log sequence number 3348700
2019-11-26T17:08:00.939130Z 0 [Note] InnoDB: Loading buffer pool(s) from F:\MemoireVive\bin\database\mysql-5.7.11\data\ib_buffer_pool
2019-11-26T17:08:00.941125Z 0 [Note] Plugin 'FEDERATED' is disabled.
2019-11-26T17:08:05.844844Z 0 [Warning] Failed to set up SSL because of the following SSL library error: SSL context is not usable without certificate and private key
2019-11-26T17:08:05.847833Z 0 [Note] Server hostname (bind-address): '*'; port: 3306
2019-11-26T17:08:05.849835Z 0 [Note] IPv6 is available.
2019-11-26T17:08:05.849835Z 0 [Note]   - '::' resolves to '::';
2019-11-26T17:08:05.850831Z 0 [Note] Server socket created on IP: '::'.
2019-11-26T17:08:13.999017Z 0 [Note] InnoDB: Buffer pool(s) load completed at 191126 18:08:13
2019-11-26T17:08:14.703834Z 0 [Note] Event Scheduler: Loaded 0 events
2019-11-26T17:08:14.705828Z 0 [Note] F:\MemoireVive\bin\database\mysql-5.7.11\bin\mysqld.exe: ready for connections.
Version: '5.7.11'  socket: ''  port: 3306  MySQL Community Server (GPL)
2019-11-26T17:12:52.498327Z 0 [Note] F:\MemoireVive\bin\database\mysql-5.7.11\bin\mysqld.exe: Normal shutdown

2019-11-26T17:12:52.499323Z 0 [Note] Giving 0 client threads a chance to die gracefully
2019-11-26T17:12:52.499323Z 0 [Note] Shutting down slave threads
2019-11-26T17:12:52.499323Z 0 [Note] Forcefully disconnecting 0 remaining clients
2019-11-26T17:12:52.500321Z 0 [Note] Event Scheduler: Purging the queue. 0 events
2019-11-26T17:12:52.500321Z 0 [Note] Binlog end
2019-11-26T17:12:52.502319Z 0 [Note] Shutting down plugin 'ngram'
2019-11-26T17:12:52.502319Z 0 [Note] Shutting down plugin 'partition'
2019-11-26T17:12:52.502319Z 0 [Note] Shutting down plugin 'BLACKHOLE'
2019-11-26T17:12:52.502319Z 0 [Note] Shutting down plugin 'ARCHIVE'
2019-11-26T17:12:52.503312Z 0 [Note] Shutting down plugin 'PERFORMANCE_SCHEMA'
2019-11-26T17:12:52.503312Z 0 [Note] Shutting down plugin 'MRG_MYISAM'
2019-11-26T17:12:52.503312Z 0 [Note] Shutting down plugin 'MyISAM'
2019-11-26T17:12:52.504310Z 0 [Note] Shutting down plugin 'INNODB_SYS_VIRTUAL'
2019-11-26T17:12:52.504310Z 0 [Note] Shutting down plugin 'INNODB_SYS_DATAFILES'
2019-11-26T17:12:52.504310Z 0 [Note] Shutting down plugin 'INNODB_SYS_TABLESPACES'
2019-11-26T17:12:52.505307Z 0 [Note] Shutting down plugin 'INNODB_SYS_FOREIGN_COLS'
2019-11-26T17:12:52.505307Z 0 [Note] Shutting down plugin 'INNODB_SYS_FOREIGN'
2019-11-26T17:12:52.505307Z 0 [Note] Shutting down plugin 'INNODB_SYS_FIELDS'
2019-11-26T17:12:52.506304Z 0 [Note] Shutting down plugin 'INNODB_SYS_COLUMNS'
2019-11-26T17:12:52.506304Z 0 [Note] Shutting down plugin 'INNODB_SYS_INDEXES'
2019-11-26T17:12:52.506304Z 0 [Note] Shutting down plugin 'INNODB_SYS_TABLESTATS'
2019-11-26T17:12:52.507301Z 0 [Note] Shutting down plugin 'INNODB_SYS_TABLES'
2019-11-26T17:12:52.507301Z 0 [Note] Shutting down plugin 'INNODB_FT_INDEX_TABLE'
2019-11-26T17:12:52.507301Z 0 [Note] Shutting down plugin 'INNODB_FT_INDEX_CACHE'
2019-11-26T17:12:52.508299Z 0 [Note] Shutting down plugin 'INNODB_FT_CONFIG'
2019-11-26T17:12:52.508299Z 0 [Note] Shutting down plugin 'INNODB_FT_BEING_DELETED'
2019-11-26T17:12:52.508299Z 0 [Note] Shutting down plugin 'INNODB_FT_DELETED'
2019-11-26T17:12:52.509296Z 0 [Note] Shutting down plugin 'INNODB_FT_DEFAULT_STOPWORD'
2019-11-26T17:12:52.509296Z 0 [Note] Shutting down plugin 'INNODB_METRICS'
2019-11-26T17:12:52.509296Z 0 [Note] Shutting down plugin 'INNODB_TEMP_TABLE_INFO'
2019-11-26T17:12:52.510293Z 0 [Note] Shutting down plugin 'INNODB_BUFFER_POOL_STATS'
2019-11-26T17:12:52.510293Z 0 [Note] Shutting down plugin 'INNODB_BUFFER_PAGE_LRU'
2019-11-26T17:12:52.510293Z 0 [Note] Shutting down plugin 'INNODB_BUFFER_PAGE'
2019-11-26T17:12:52.511291Z 0 [Note] Shutting down plugin 'INNODB_CMP_PER_INDEX_RESET'
2019-11-26T17:12:52.511291Z 0 [Note] Shutting down plugin 'INNODB_CMP_PER_INDEX'
2019-11-26T17:12:52.511291Z 0 [Note] Shutting down plugin 'INNODB_CMPMEM_RESET'
2019-11-26T17:12:52.512288Z 0 [Note] Shutting down plugin 'INNODB_CMPMEM'
2019-11-26T17:12:52.512288Z 0 [Note] Shutting down plugin 'INNODB_CMP_RESET'
2019-11-26T17:12:52.512288Z 0 [Note] Shutting down plugin 'INNODB_CMP'
2019-11-26T17:12:52.513285Z 0 [Note] Shutting down plugin 'INNODB_LOCK_WAITS'
2019-11-26T17:12:52.513285Z 0 [Note] Shutting down plugin 'INNODB_LOCKS'
2019-11-26T17:12:52.513285Z 0 [Note] Shutting down plugin 'INNODB_TRX'
2019-11-26T17:12:52.514283Z 0 [Note] Shutting down plugin 'InnoDB'
2019-11-26T17:12:52.514283Z 0 [Note] InnoDB: FTS optimize thread exiting.
2019-11-26T17:12:52.514283Z 0 [Note] InnoDB: Starting shutdown...
2019-11-26T17:12:52.615777Z 0 [Note] InnoDB: Dumping buffer pool(s) to F:\MemoireVive\bin\database\mysql-5.7.11\data\ib_buffer_pool
2019-11-26T17:12:54.302719Z 0 [Note] InnoDB: Buffer pool(s) dump completed at 191126 18:12:54
2019-11-26T17:12:57.895097Z 0 [Note] InnoDB: Shutdown completed; log sequence number 3349123
2019-11-26T17:12:57.941774Z 0 [Note] InnoDB: Removed temporary tablespace data file: "ibtmp1"
2019-11-26T17:12:57.941774Z 0 [Note] Shutting down plugin 'MEMORY'
2019-11-26T17:12:57.942774Z 0 [Note] Shutting down plugin 'CSV'
2019-11-26T17:12:57.942774Z 0 [Note] Shutting down plugin 'sha256_password'
2019-11-26T17:12:57.942774Z 0 [Note] Shutting down plugin 'mysql_native_password'
2019-11-26T17:12:57.943771Z 0 [Note] Shutting down plugin 'binlog'
2019-11-26T17:12:57.968854Z 0 [Note] F:\MemoireVive\bin\database\mysql-5.7.11\bin\mysqld.exe: Shutdown complete

