2019-10-23T11:28:13.056358Z 0 [Warning] TIMESTAMP with implicit DEFAULT value is deprecated. Please use --explicit_defaults_for_timestamp server option (see documentation for more details).
2019-10-23T11:28:13.056358Z 0 [Warning] 'NO_ZERO_DATE', 'NO_ZERO_IN_DATE' and 'ERROR_FOR_DIVISION_BY_ZERO' sql modes should be used with strict mode. They will be merged with strict mode in a future release.
2019-10-23T11:28:13.056358Z 0 [Warning] 'NO_AUTO_CREATE_USER' sql mode was not set.
2019-10-23T11:28:13.056358Z 0 [Warning] Insecure configuration for --secure-file-priv: Current value does not restrict location of generated files. Consider setting it to a valid, non-empty path.
2019-10-23T11:28:13.056358Z 0 [Note] F:\Web\UWAMP\UWamp\UWamp\bin\database\mysql-5.7.11\bin\mysqld.exe (mysqld 5.7.11) starting as process 6288 ...
2019-10-23T11:28:14.739409Z 0 [ERROR] Can't open shared library 'F:\Web\UWAMP\UWamp\UWamp\bin\database\mysql-5.7.11\lib\plugin\keyring_file.dll' (errno: 126 Le module spécifié est introuvable.)
2019-10-23T11:28:14.741408Z 0 [ERROR] Couldn't load plugin named 'keyring_file' with soname 'keyring_file.dll'.
2019-10-23T11:28:14.743407Z 0 [Note] InnoDB: Mutexes and rw_locks use Windows interlocked functions
2019-10-23T11:28:14.743407Z 0 [Note] InnoDB: Uses event mutexes
2019-10-23T11:28:14.744407Z 0 [Note] InnoDB: Memory barrier is not used
2019-10-23T11:28:14.744407Z 0 [Note] InnoDB: Compressed tables use zlib 1.2.3
2019-10-23T11:28:14.746405Z 0 [Note] InnoDB: Number of pools: 1
2019-10-23T11:28:14.746405Z 0 [Note] InnoDB: Not using CPU crc32 instructions
2019-10-23T11:28:14.811368Z 0 [Note] InnoDB: Initializing buffer pool, total size = 128M, instances = 1, chunk size = 128M
2019-10-23T11:28:14.820363Z 0 [Note] InnoDB: Completed initialization of buffer pool
2019-10-23T11:28:17.097427Z 0 [Note] InnoDB: Highest supported file format is Barracuda.
2019-10-23T11:28:18.997356Z 0 [Note] InnoDB: Creating shared tablespace for temporary tables
2019-10-23T11:28:18.999355Z 0 [Note] InnoDB: Setting file '.\ibtmp1' size to 12 MB. Physically writing the file full; Please wait ...
2019-10-23T11:28:25.276729Z 0 [Note] InnoDB: File '.\ibtmp1' size is now 12 MB.
2019-10-23T11:28:25.329699Z 0 [Note] InnoDB: 96 redo rollback segment(s) found. 96 redo rollback segment(s) are active.
2019-10-23T11:28:25.330698Z 0 [Note] InnoDB: 32 non-redo rollback segment(s) are active.
2019-10-23T11:28:25.409653Z 0 [Note] InnoDB: page_cleaner: 1000ms intended loop took 10576ms. The settings might not be optimal. (flushed=0 and evicted=0, during the time.)
2019-10-23T11:28:25.482613Z 0 [Note] InnoDB: 5.7.11 started; log sequence number 2648997
2019-10-23T11:28:25.489609Z 0 [Note] InnoDB: Loading buffer pool(s) from F:\Web\UWAMP\UWamp\UWamp\bin\database\mysql-5.7.11\data\ib_buffer_pool
2019-10-23T11:28:25.496605Z 0 [Note] Plugin 'FEDERATED' is disabled.
2019-10-23T11:28:27.228628Z 0 [Warning] Failed to set up SSL because of the following SSL library error: SSL context is not usable without certificate and private key
2019-10-23T11:28:27.232626Z 0 [Note] Server hostname (bind-address): '*'; port: 3306
2019-10-23T11:28:27.233626Z 0 [Note] IPv6 is available.
2019-10-23T11:28:27.233626Z 0 [Note]   - '::' resolves to '::';
2019-10-23T11:28:27.234625Z 0 [Note] Server socket created on IP: '::'.
2019-10-23T11:28:27.488482Z 0 [Note] InnoDB: Buffer pool(s) load completed at 191023 13:28:27
2019-10-23T11:28:28.108132Z 0 [Note] Event Scheduler: Loaded 0 events
2019-10-23T11:28:28.111130Z 0 [Note] F:\Web\UWAMP\UWamp\UWamp\bin\database\mysql-5.7.11\bin\mysqld.exe: ready for connections.
Version: '5.7.11'  socket: ''  port: 3306  MySQL Community Server (GPL)
2019-10-23T11:32:52.099105Z 0 [Note] F:\Web\UWAMP\UWamp\UWamp\bin\database\mysql-5.7.11\bin\mysqld.exe: Normal shutdown

2019-10-23T11:32:52.100104Z 0 [Note] Giving 0 client threads a chance to die gracefully
2019-10-23T11:32:52.101104Z 0 [Note] Shutting down slave threads
2019-10-23T11:32:52.101104Z 0 [Note] Forcefully disconnecting 0 remaining clients
2019-10-23T11:32:52.102103Z 0 [Note] Event Scheduler: Purging the queue. 0 events
2019-10-23T11:32:52.103102Z 0 [Note] Binlog end
2019-10-23T11:32:52.104102Z 0 [Note] Shutting down plugin 'ngram'
2019-10-23T11:32:52.104102Z 0 [Note] Shutting down plugin 'partition'
2019-10-23T11:32:52.104102Z 0 [Note] Shutting down plugin 'BLACKHOLE'
2019-10-23T11:32:52.105101Z 0 [Note] Shutting down plugin 'ARCHIVE'
2019-10-23T11:32:52.105101Z 0 [Note] Shutting down plugin 'PERFORMANCE_SCHEMA'
2019-10-23T11:32:52.106100Z 0 [Note] Shutting down plugin 'MRG_MYISAM'
2019-10-23T11:32:52.106100Z 0 [Note] Shutting down plugin 'MyISAM'
2019-10-23T11:32:52.107100Z 0 [Note] Shutting down plugin 'INNODB_SYS_VIRTUAL'
2019-10-23T11:32:52.107100Z 0 [Note] Shutting down plugin 'INNODB_SYS_DATAFILES'
2019-10-23T11:32:52.108099Z 0 [Note] Shutting down plugin 'INNODB_SYS_TABLESPACES'
2019-10-23T11:32:52.108099Z 0 [Note] Shutting down plugin 'INNODB_SYS_FOREIGN_COLS'
2019-10-23T11:32:52.109099Z 0 [Note] Shutting down plugin 'INNODB_SYS_FOREIGN'
2019-10-23T11:32:52.109099Z 0 [Note] Shutting down plugin 'INNODB_SYS_FIELDS'
2019-10-23T11:32:52.110098Z 0 [Note] Shutting down plugin 'INNODB_SYS_COLUMNS'
2019-10-23T11:32:52.110098Z 0 [Note] Shutting down plugin 'INNODB_SYS_INDEXES'
2019-10-23T11:32:52.111098Z 0 [Note] Shutting down plugin 'INNODB_SYS_TABLESTATS'
2019-10-23T11:32:52.111098Z 0 [Note] Shutting down plugin 'INNODB_SYS_TABLES'
2019-10-23T11:32:52.112097Z 0 [Note] Shutting down plugin 'INNODB_FT_INDEX_TABLE'
2019-10-23T11:32:52.112097Z 0 [Note] Shutting down plugin 'INNODB_FT_INDEX_CACHE'
2019-10-23T11:32:52.113097Z 0 [Note] Shutting down plugin 'INNODB_FT_CONFIG'
2019-10-23T11:32:52.113097Z 0 [Note] Shutting down plugin 'INNODB_FT_BEING_DELETED'
2019-10-23T11:32:52.114096Z 0 [Note] Shutting down plugin 'INNODB_FT_DELETED'
2019-10-23T11:32:52.115096Z 0 [Note] Shutting down plugin 'INNODB_FT_DEFAULT_STOPWORD'
2019-10-23T11:32:52.115096Z 0 [Note] Shutting down plugin 'INNODB_METRICS'
2019-10-23T11:32:52.116095Z 0 [Note] Shutting down plugin 'INNODB_TEMP_TABLE_INFO'
2019-10-23T11:32:52.116095Z 0 [Note] Shutting down plugin 'INNODB_BUFFER_POOL_STATS'
2019-10-23T11:32:52.117094Z 0 [Note] Shutting down plugin 'INNODB_BUFFER_PAGE_LRU'
2019-10-23T11:32:52.117094Z 0 [Note] Shutting down plugin 'INNODB_BUFFER_PAGE'
2019-10-23T11:32:52.118094Z 0 [Note] Shutting down plugin 'INNODB_CMP_PER_INDEX_RESET'
2019-10-23T11:32:52.118094Z 0 [Note] Shutting down plugin 'INNODB_CMP_PER_INDEX'
2019-10-23T11:32:52.119093Z 0 [Note] Shutting down plugin 'INNODB_CMPMEM_RESET'
2019-10-23T11:32:52.119093Z 0 [Note] Shutting down plugin 'INNODB_CMPMEM'
2019-10-23T11:32:52.120092Z 0 [Note] Shutting down plugin 'INNODB_CMP_RESET'
2019-10-23T11:32:52.120092Z 0 [Note] Shutting down plugin 'INNODB_CMP'
2019-10-23T11:32:52.121092Z 0 [Note] Shutting down plugin 'INNODB_LOCK_WAITS'
2019-10-23T11:32:52.121092Z 0 [Note] Shutting down plugin 'INNODB_LOCKS'
2019-10-23T11:32:52.121092Z 0 [Note] Shutting down plugin 'INNODB_TRX'
2019-10-23T11:32:52.122091Z 0 [Note] Shutting down plugin 'InnoDB'
2019-10-23T11:32:52.122091Z 0 [Note] InnoDB: FTS optimize thread exiting.
2019-10-23T11:32:52.123091Z 0 [Note] InnoDB: Starting shutdown...
2019-10-23T11:32:52.224353Z 0 [Note] InnoDB: Dumping buffer pool(s) to F:\Web\UWAMP\UWamp\UWamp\bin\database\mysql-5.7.11\data\ib_buffer_pool
2019-10-23T11:32:52.289296Z 0 [Note] InnoDB: Buffer pool(s) dump completed at 191023 13:32:52
2019-10-23T11:32:54.471896Z 0 [Note] InnoDB: Shutdown completed; log sequence number 2649025
2019-10-23T11:32:54.523883Z 0 [Note] InnoDB: Removed temporary tablespace data file: "ibtmp1"
2019-10-23T11:32:54.526881Z 0 [Note] Shutting down plugin 'MEMORY'
2019-10-23T11:32:54.527849Z 0 [Note] Shutting down plugin 'CSV'
2019-10-23T11:32:54.529879Z 0 [Note] Shutting down plugin 'sha256_password'
2019-10-23T11:32:54.531878Z 0 [Note] Shutting down plugin 'mysql_native_password'
2019-10-23T11:32:54.534876Z 0 [Note] Shutting down plugin 'binlog'
2019-10-23T11:32:54.565179Z 0 [Note] F:\Web\UWAMP\UWamp\UWamp\bin\database\mysql-5.7.11\bin\mysqld.exe: Shutdown complete

