2019-10-14T12:27:33.163688Z 0 [Warning] TIMESTAMP with implicit DEFAULT value is deprecated. Please use --explicit_defaults_for_timestamp server option (see documentation for more details).
2019-10-14T12:27:33.163688Z 0 [Warning] 'NO_ZERO_DATE', 'NO_ZERO_IN_DATE' and 'ERROR_FOR_DIVISION_BY_ZERO' sql modes should be used with strict mode. They will be merged with strict mode in a future release.
2019-10-14T12:27:33.163688Z 0 [Warning] 'NO_AUTO_CREATE_USER' sql mode was not set.
2019-10-14T12:27:33.163688Z 0 [Warning] Insecure configuration for --secure-file-priv: Current value does not restrict location of generated files. Consider setting it to a valid, non-empty path.
2019-10-14T12:27:33.164687Z 0 [Note] F:\Web\UWAMP\UWamp\UWamp\bin\database\mysql-5.7.11\bin\mysqld.exe (mysqld 5.7.11) starting as process 11920 ...
2019-10-14T12:27:34.864901Z 0 [ERROR] Can't open shared library 'F:\Web\UWAMP\UWamp\UWamp\bin\database\mysql-5.7.11\lib\plugin\keyring_file.dll' (errno: 126 Le module spécifié est introuvable.)
2019-10-14T12:27:34.867899Z 0 [ERROR] Couldn't load plugin named 'keyring_file' with soname 'keyring_file.dll'.
2019-10-14T12:27:34.872896Z 0 [Note] InnoDB: Mutexes and rw_locks use Windows interlocked functions
2019-10-14T12:27:34.873896Z 0 [Note] InnoDB: Uses event mutexes
2019-10-14T12:27:34.874896Z 0 [Note] InnoDB: Memory barrier is not used
2019-10-14T12:27:34.876894Z 0 [Note] InnoDB: Compressed tables use zlib 1.2.3
2019-10-14T12:27:34.878893Z 0 [Note] InnoDB: Number of pools: 1
2019-10-14T12:27:34.879892Z 0 [Note] InnoDB: Not using CPU crc32 instructions
2019-10-14T12:27:34.929863Z 0 [Note] InnoDB: Initializing buffer pool, total size = 128M, instances = 1, chunk size = 128M
2019-10-14T12:27:34.937859Z 0 [Note] InnoDB: Completed initialization of buffer pool
2019-10-14T12:27:35.706056Z 0 [Note] InnoDB: Highest supported file format is Barracuda.
2019-10-14T12:27:41.686088Z 0 [Note] InnoDB: Creating shared tablespace for temporary tables
2019-10-14T12:27:41.700107Z 0 [Note] InnoDB: Setting file '.\ibtmp1' size to 12 MB. Physically writing the file full; Please wait ...
2019-10-14T12:27:46.359497Z 0 [Note] InnoDB: File '.\ibtmp1' size is now 12 MB.
2019-10-14T12:27:46.440189Z 0 [Note] InnoDB: 96 redo rollback segment(s) found. 96 redo rollback segment(s) are active.
2019-10-14T12:27:46.443207Z 0 [Note] InnoDB: 32 non-redo rollback segment(s) are active.
2019-10-14T12:27:46.457184Z 0 [Note] InnoDB: page_cleaner: 1000ms intended loop took 11510ms. The settings might not be optimal. (flushed=0 and evicted=0, during the time.)
2019-10-14T12:27:46.465274Z 0 [Note] InnoDB: 5.7.11 started; log sequence number 2648801
2019-10-14T12:27:46.469190Z 0 [Note] InnoDB: Loading buffer pool(s) from F:\Web\UWAMP\UWamp\UWamp\bin\database\mysql-5.7.11\data\ib_buffer_pool
2019-10-14T12:27:46.472188Z 0 [Note] Plugin 'FEDERATED' is disabled.
2019-10-14T12:27:48.234574Z 0 [Warning] Failed to set up SSL because of the following SSL library error: SSL context is not usable without certificate and private key
2019-10-14T12:27:48.238563Z 0 [Note] Server hostname (bind-address): '*'; port: 3306
2019-10-14T12:27:48.239544Z 0 [Note] IPv6 is available.
2019-10-14T12:27:48.239544Z 0 [Note]   - '::' resolves to '::';
2019-10-14T12:27:48.240544Z 0 [Note] Server socket created on IP: '::'.
2019-10-14T12:27:48.455990Z 0 [Note] InnoDB: Buffer pool(s) load completed at 191014 14:27:48
2019-10-14T12:27:49.126175Z 0 [Note] Event Scheduler: Loaded 0 events
2019-10-14T12:27:49.128176Z 0 [Note] F:\Web\UWAMP\UWamp\UWamp\bin\database\mysql-5.7.11\bin\mysqld.exe: ready for connections.
Version: '5.7.11'  socket: ''  port: 3306  MySQL Community Server (GPL)
2019-10-14T12:29:25.240985Z 0 [Note] F:\Web\UWAMP\UWamp\UWamp\bin\database\mysql-5.7.11\bin\mysqld.exe: Normal shutdown

2019-10-14T12:29:25.242984Z 0 [Note] Giving 0 client threads a chance to die gracefully
2019-10-14T12:29:25.242984Z 0 [Note] Shutting down slave threads
2019-10-14T12:29:25.243983Z 0 [Note] Forcefully disconnecting 0 remaining clients
2019-10-14T12:29:25.243983Z 0 [Note] Event Scheduler: Purging the queue. 0 events
2019-10-14T12:29:25.244983Z 0 [Note] Binlog end
2019-10-14T12:29:25.245983Z 0 [Note] Shutting down plugin 'ngram'
2019-10-14T12:29:25.246981Z 0 [Note] Shutting down plugin 'partition'
2019-10-14T12:29:25.247982Z 0 [Note] Shutting down plugin 'BLACKHOLE'
2019-10-14T12:29:25.247982Z 0 [Note] Shutting down plugin 'ARCHIVE'
2019-10-14T12:29:25.247982Z 0 [Note] Shutting down plugin 'PERFORMANCE_SCHEMA'
2019-10-14T12:29:25.248980Z 0 [Note] Shutting down plugin 'MRG_MYISAM'
2019-10-14T12:29:25.249979Z 0 [Note] Shutting down plugin 'MyISAM'
2019-10-14T12:29:25.249979Z 0 [Note] Shutting down plugin 'INNODB_SYS_VIRTUAL'
2019-10-14T12:29:25.249979Z 0 [Note] Shutting down plugin 'INNODB_SYS_DATAFILES'
2019-10-14T12:29:25.250978Z 0 [Note] Shutting down plugin 'INNODB_SYS_TABLESPACES'
2019-10-14T12:29:25.250978Z 0 [Note] Shutting down plugin 'INNODB_SYS_FOREIGN_COLS'
2019-10-14T12:29:25.251977Z 0 [Note] Shutting down plugin 'INNODB_SYS_FOREIGN'
2019-10-14T12:29:25.251977Z 0 [Note] Shutting down plugin 'INNODB_SYS_FIELDS'
2019-10-14T12:29:25.252977Z 0 [Note] Shutting down plugin 'INNODB_SYS_COLUMNS'
2019-10-14T12:29:25.252977Z 0 [Note] Shutting down plugin 'INNODB_SYS_INDEXES'
2019-10-14T12:29:25.253977Z 0 [Note] Shutting down plugin 'INNODB_SYS_TABLESTATS'
2019-10-14T12:29:25.253977Z 0 [Note] Shutting down plugin 'INNODB_SYS_TABLES'
2019-10-14T12:29:25.254976Z 0 [Note] Shutting down plugin 'INNODB_FT_INDEX_TABLE'
2019-10-14T12:29:25.254976Z 0 [Note] Shutting down plugin 'INNODB_FT_INDEX_CACHE'
2019-10-14T12:29:25.255975Z 0 [Note] Shutting down plugin 'INNODB_FT_CONFIG'
2019-10-14T12:29:25.255975Z 0 [Note] Shutting down plugin 'INNODB_FT_BEING_DELETED'
2019-10-14T12:29:25.256975Z 0 [Note] Shutting down plugin 'INNODB_FT_DELETED'
2019-10-14T12:29:25.257974Z 0 [Note] Shutting down plugin 'INNODB_FT_DEFAULT_STOPWORD'
2019-10-14T12:29:25.257974Z 0 [Note] Shutting down plugin 'INNODB_METRICS'
2019-10-14T12:29:25.258974Z 0 [Note] Shutting down plugin 'INNODB_TEMP_TABLE_INFO'
2019-10-14T12:29:25.258974Z 0 [Note] Shutting down plugin 'INNODB_BUFFER_POOL_STATS'
2019-10-14T12:29:25.259973Z 0 [Note] Shutting down plugin 'INNODB_BUFFER_PAGE_LRU'
2019-10-14T12:29:25.259973Z 0 [Note] Shutting down plugin 'INNODB_BUFFER_PAGE'
2019-10-14T12:29:25.260972Z 0 [Note] Shutting down plugin 'INNODB_CMP_PER_INDEX_RESET'
2019-10-14T12:29:25.260972Z 0 [Note] Shutting down plugin 'INNODB_CMP_PER_INDEX'
2019-10-14T12:29:25.261972Z 0 [Note] Shutting down plugin 'INNODB_CMPMEM_RESET'
2019-10-14T12:29:25.261972Z 0 [Note] Shutting down plugin 'INNODB_CMPMEM'
2019-10-14T12:29:25.262971Z 0 [Note] Shutting down plugin 'INNODB_CMP_RESET'
2019-10-14T12:29:25.262971Z 0 [Note] Shutting down plugin 'INNODB_CMP'
2019-10-14T12:29:25.263971Z 0 [Note] Shutting down plugin 'INNODB_LOCK_WAITS'
2019-10-14T12:29:25.263971Z 0 [Note] Shutting down plugin 'INNODB_LOCKS'
2019-10-14T12:29:25.264970Z 0 [Note] Shutting down plugin 'INNODB_TRX'
2019-10-14T12:29:25.264970Z 0 [Note] Shutting down plugin 'InnoDB'
2019-10-14T12:29:25.265969Z 0 [Note] InnoDB: FTS optimize thread exiting.
2019-10-14T12:29:25.266969Z 0 [Note] InnoDB: Starting shutdown...
2019-10-14T12:29:25.367925Z 0 [Note] InnoDB: Dumping buffer pool(s) to F:\Web\UWAMP\UWamp\UWamp\bin\database\mysql-5.7.11\data\ib_buffer_pool
2019-10-14T12:29:25.430875Z 0 [Note] InnoDB: Buffer pool(s) dump completed at 191014 14:29:25
2019-10-14T12:29:28.372141Z 0 [Note] InnoDB: Shutdown completed; log sequence number 2648829
2019-10-14T12:29:28.405136Z 0 [Note] InnoDB: Removed temporary tablespace data file: "ibtmp1"
2019-10-14T12:29:28.405136Z 0 [Note] Shutting down plugin 'MEMORY'
2019-10-14T12:29:28.406135Z 0 [Note] Shutting down plugin 'CSV'
2019-10-14T12:29:28.406135Z 0 [Note] Shutting down plugin 'sha256_password'
2019-10-14T12:29:28.407134Z 0 [Note] Shutting down plugin 'mysql_native_password'
2019-10-14T12:29:28.407134Z 0 [Note] Shutting down plugin 'binlog'
2019-10-14T12:29:28.433161Z 0 [Note] F:\Web\UWAMP\UWamp\UWamp\bin\database\mysql-5.7.11\bin\mysqld.exe: Shutdown complete

