2019-11-22T14:15:48.087560Z 0 [Warning] TIMESTAMP with implicit DEFAULT value is deprecated. Please use --explicit_defaults_for_timestamp server option (see documentation for more details).
2019-11-22T14:15:48.087560Z 0 [Warning] 'NO_ZERO_DATE', 'NO_ZERO_IN_DATE' and 'ERROR_FOR_DIVISION_BY_ZERO' sql modes should be used with strict mode. They will be merged with strict mode in a future release.
2019-11-22T14:15:48.087560Z 0 [Warning] 'NO_AUTO_CREATE_USER' sql mode was not set.
2019-11-22T14:15:48.087560Z 0 [Warning] Insecure configuration for --secure-file-priv: Current value does not restrict location of generated files. Consider setting it to a valid, non-empty path.
2019-11-22T14:15:48.087560Z 0 [Note] F:\MemoireVive\bin\database\mysql-5.7.11\bin\mysqld.exe (mysqld 5.7.11) starting as process 2436 ...
2019-11-22T14:15:49.847397Z 0 [ERROR] Can't open shared library 'F:\MemoireVive\bin\database\mysql-5.7.11\lib\plugin\keyring_file.dll' (errno: 126 Le module spécifié est introuvable.)
2019-11-22T14:15:49.849395Z 0 [ERROR] Couldn't load plugin named 'keyring_file' with soname 'keyring_file.dll'.
2019-11-22T14:15:49.851394Z 0 [Note] InnoDB: Mutexes and rw_locks use Windows interlocked functions
2019-11-22T14:15:49.852393Z 0 [Note] InnoDB: Uses event mutexes
2019-11-22T14:15:49.853393Z 0 [Note] InnoDB: Memory barrier is not used
2019-11-22T14:15:49.853393Z 0 [Note] InnoDB: Compressed tables use zlib 1.2.3
2019-11-22T14:15:49.855392Z 0 [Note] InnoDB: Number of pools: 1
2019-11-22T14:15:49.856413Z 0 [Note] InnoDB: Not using CPU crc32 instructions
2019-11-22T14:15:49.902377Z 0 [Note] InnoDB: Initializing buffer pool, total size = 128M, instances = 1, chunk size = 128M
2019-11-22T14:15:49.908374Z 0 [Note] InnoDB: Completed initialization of buffer pool
2019-11-22T14:15:55.338107Z 0 [Note] InnoDB: Highest supported file format is Barracuda.
2019-11-22T14:16:16.510343Z 0 [Note] InnoDB: Creating shared tablespace for temporary tables
2019-11-22T14:16:18.090747Z 0 [Note] InnoDB: Setting file '.\ibtmp1' size to 12 MB. Physically writing the file full; Please wait ...
2019-11-22T14:16:28.414400Z 0 [Note] InnoDB: File '.\ibtmp1' size is now 12 MB.
2019-11-22T14:16:28.484083Z 0 [Note] InnoDB: 96 redo rollback segment(s) found. 96 redo rollback segment(s) are active.
2019-11-22T14:16:28.485082Z 0 [Note] InnoDB: 32 non-redo rollback segment(s) are active.
2019-11-22T14:16:28.501490Z 0 [Note] InnoDB: page_cleaner: 1000ms intended loop took 38584ms. The settings might not be optimal. (flushed=0 and evicted=0, during the time.)
2019-11-22T14:16:28.551168Z 0 [Note] InnoDB: 5.7.11 started; log sequence number 2649766
2019-11-22T14:16:28.554170Z 0 [Note] InnoDB: Loading buffer pool(s) from F:\MemoireVive\bin\database\mysql-5.7.11\data\ib_buffer_pool
2019-11-22T14:16:28.557168Z 0 [Note] Plugin 'FEDERATED' is disabled.
2019-11-22T14:16:35.515531Z 0 [Warning] Failed to set up SSL because of the following SSL library error: SSL context is not usable without certificate and private key
2019-11-22T14:16:35.517530Z 0 [Note] Server hostname (bind-address): '*'; port: 3306
2019-11-22T14:16:35.518530Z 0 [Note] IPv6 is available.
2019-11-22T14:16:35.518530Z 0 [Note]   - '::' resolves to '::';
2019-11-22T14:16:35.519547Z 0 [Note] Server socket created on IP: '::'.
2019-11-22T14:16:39.201838Z 0 [Note] InnoDB: Buffer pool(s) load completed at 191122 15:16:39
2019-11-22T14:16:56.879078Z 0 [Note] Event Scheduler: Loaded 0 events
2019-11-22T14:16:56.883077Z 0 [Note] F:\MemoireVive\bin\database\mysql-5.7.11\bin\mysqld.exe: ready for connections.
Version: '5.7.11'  socket: ''  port: 3306  MySQL Community Server (GPL)
2019-11-22T14:22:23.835752Z 0 [Note] InnoDB: page_cleaner: 1000ms intended loop took 6879ms. The settings might not be optimal. (flushed=13 and evicted=0, during the time.)
2019-11-22T14:22:32.519585Z 0 [Note] InnoDB: page_cleaner: 1000ms intended loop took 5026ms. The settings might not be optimal. (flushed=36 and evicted=0, during the time.)
2019-11-22T14:25:02.701031Z 0 [Note] InnoDB: page_cleaner: 1000ms intended loop took 30834ms. The settings might not be optimal. (flushed=7 and evicted=0, during the time.)
2019-11-22T14:27:42.729453Z 0 [Note] InnoDB: page_cleaner: 1000ms intended loop took 12768ms. The settings might not be optimal. (flushed=0 and evicted=0, during the time.)
2019-11-22T14:27:58.743727Z 0 [Note] InnoDB: page_cleaner: 1000ms intended loop took 10397ms. The settings might not be optimal. (flushed=3 and evicted=0, during the time.)
2019-11-22T14:30:07.043263Z 0 [Note] InnoDB: page_cleaner: 1000ms intended loop took 5554ms. The settings might not be optimal. (flushed=0 and evicted=0, during the time.)
2019-11-22T14:31:06.700826Z 0 [Note] InnoDB: page_cleaner: 1000ms intended loop took 4634ms. The settings might not be optimal. (flushed=3 and evicted=0, during the time.)
2019-11-22T14:31:16.313510Z 0 [Note] InnoDB: page_cleaner: 1000ms intended loop took 5612ms. The settings might not be optimal. (flushed=0 and evicted=0, during the time.)
2019-11-22T14:31:53.327824Z 0 [Note] InnoDB: page_cleaner: 1000ms intended loop took 7784ms. The settings might not be optimal. (flushed=0 and evicted=0, during the time.)
2019-11-22T14:49:33.805845Z 0 [Note] InnoDB: page_cleaner: 1000ms intended loop took 7142ms. The settings might not be optimal. (flushed=0 and evicted=0, during the time.)
2019-11-22T14:51:49.052407Z 0 [Note] InnoDB: page_cleaner: 1000ms intended loop took 10936ms. The settings might not be optimal. (flushed=0 and evicted=0, during the time.)
2019-11-22T14:53:24.107966Z 0 [Note] InnoDB: page_cleaner: 1000ms intended loop took 8018ms. The settings might not be optimal. (flushed=46 and evicted=0, during the time.)
2019-11-22T14:53:40.088477Z 0 [Note] InnoDB: page_cleaner: 1000ms intended loop took 5973ms. The settings might not be optimal. (flushed=0 and evicted=0, during the time.)
2019-11-22T14:53:48.162905Z 0 [Note] InnoDB: page_cleaner: 1000ms intended loop took 4802ms. The settings might not be optimal. (flushed=0 and evicted=0, during the time.)
2019-11-22T14:53:59.448246Z 0 [Note] InnoDB: page_cleaner: 1000ms intended loop took 9285ms. The settings might not be optimal. (flushed=8 and evicted=0, during the time.)
2019-11-22T14:54:11.862912Z 0 [Note] InnoDB: page_cleaner: 1000ms intended loop took 8414ms. The settings might not be optimal. (flushed=0 and evicted=0, during the time.)
2019-11-22T14:55:58.340049Z 0 [Note] InnoDB: page_cleaner: 1000ms intended loop took 9601ms. The settings might not be optimal. (flushed=0 and evicted=0, during the time.)
2019-11-22T14:56:06.310527Z 0 [Note] InnoDB: page_cleaner: 1000ms intended loop took 6970ms. The settings might not be optimal. (flushed=18 and evicted=0, during the time.)
2019-11-22T14:56:17.489185Z 0 [Note] InnoDB: page_cleaner: 1000ms intended loop took 7177ms. The settings might not be optimal. (flushed=0 and evicted=0, during the time.)
2019-11-22T14:56:24.329478Z 0 [Note] InnoDB: page_cleaner: 1000ms intended loop took 5840ms. The settings might not be optimal. (flushed=1 and evicted=0, during the time.)
2019-11-22T14:56:35.608119Z 0 [Note] InnoDB: page_cleaner: 1000ms intended loop took 4452ms. The settings might not be optimal. (flushed=0 and evicted=0, during the time.)
2019-11-22T14:59:42.295064Z 0 [Note] InnoDB: page_cleaner: 1000ms intended loop took 4118ms. The settings might not be optimal. (flushed=0 and evicted=0, during the time.)
2019-11-22T14:59:50.614281Z 0 [Note] InnoDB: page_cleaner: 1000ms intended loop took 4067ms. The settings might not be optimal. (flushed=14 and evicted=0, during the time.)
2019-11-22T15:00:02.099206Z 0 [Note] InnoDB: page_cleaner: 1000ms intended loop took 6474ms. The settings might not be optimal. (flushed=0 and evicted=0, during the time.)
2019-11-22T15:00:13.148626Z 0 [Note] InnoDB: page_cleaner: 1000ms intended loop took 9049ms. The settings might not be optimal. (flushed=25 and evicted=0, during the time.)
2019-11-22T15:01:09.120557Z 0 [Note] InnoDB: page_cleaner: 1000ms intended loop took 10508ms. The settings might not be optimal. (flushed=1 and evicted=0, during the time.)
2019-11-22T15:01:44.618412Z 0 [Note] InnoDB: page_cleaner: 1000ms intended loop took 7264ms. The settings might not be optimal. (flushed=0 and evicted=0, during the time.)
2019-11-22T15:03:08.975326Z 0 [Note] InnoDB: page_cleaner: 1000ms intended loop took 7954ms. The settings might not be optimal. (flushed=13 and evicted=0, during the time.)
2019-11-22T15:03:23.368636Z 0 [Note] InnoDB: page_cleaner: 1000ms intended loop took 6391ms. The settings might not be optimal. (flushed=0 and evicted=0, during the time.)
2019-11-22T15:04:01.921031Z 0 [Note] InnoDB: page_cleaner: 1000ms intended loop took 8002ms. The settings might not be optimal. (flushed=32 and evicted=0, during the time.)
2019-11-22T15:04:17.277409Z 0 [Note] InnoDB: page_cleaner: 1000ms intended loop took 6824ms. The settings might not be optimal. (flushed=28 and evicted=0, during the time.)
2019-11-22T15:04:30.088638Z 0 [Note] InnoDB: page_cleaner: 1000ms intended loop took 8798ms. The settings might not be optimal. (flushed=0 and evicted=0, during the time.)
2019-11-22T15:07:31.601197Z 0 [Note] F:\MemoireVive\bin\database\mysql-5.7.11\bin\mysqld.exe: Normal shutdown

2019-11-22T15:07:31.602196Z 0 [Note] Giving 0 client threads a chance to die gracefully
2019-11-22T15:07:31.603195Z 0 [Note] Shutting down slave threads
2019-11-22T15:07:31.603195Z 0 [Note] Forcefully disconnecting 0 remaining clients
2019-11-22T15:07:31.603195Z 0 [Note] Event Scheduler: Purging the queue. 0 events
2019-11-22T15:07:31.603195Z 0 [Note] Binlog end
2019-11-22T15:07:33.232450Z 0 [Note] Shutting down plugin 'ngram'
2019-11-22T15:07:33.233458Z 0 [Note] Shutting down plugin 'partition'
2019-11-22T15:07:33.234453Z 0 [Note] Shutting down plugin 'BLACKHOLE'
2019-11-22T15:07:33.235453Z 0 [Note] Shutting down plugin 'ARCHIVE'
2019-11-22T15:07:33.236452Z 0 [Note] Shutting down plugin 'PERFORMANCE_SCHEMA'
2019-11-22T15:07:33.237452Z 0 [Note] Shutting down plugin 'MRG_MYISAM'
2019-11-22T15:07:33.238451Z 0 [Note] Shutting down plugin 'MyISAM'
2019-11-22T15:07:33.239451Z 0 [Note] Shutting down plugin 'INNODB_SYS_VIRTUAL'
2019-11-22T15:07:33.240450Z 0 [Note] Shutting down plugin 'INNODB_SYS_DATAFILES'
2019-11-22T15:07:33.241450Z 0 [Note] Shutting down plugin 'INNODB_SYS_TABLESPACES'
2019-11-22T15:07:33.242449Z 0 [Note] Shutting down plugin 'INNODB_SYS_FOREIGN_COLS'
2019-11-22T15:07:33.243449Z 0 [Note] Shutting down plugin 'INNODB_SYS_FOREIGN'
2019-11-22T15:07:33.244448Z 0 [Note] Shutting down plugin 'INNODB_SYS_FIELDS'
2019-11-22T15:07:33.245447Z 0 [Note] Shutting down plugin 'INNODB_SYS_COLUMNS'
2019-11-22T15:07:33.246447Z 0 [Note] Shutting down plugin 'INNODB_SYS_INDEXES'
2019-11-22T15:07:33.247446Z 0 [Note] Shutting down plugin 'INNODB_SYS_TABLESTATS'
2019-11-22T15:07:33.248445Z 0 [Note] Shutting down plugin 'INNODB_SYS_TABLES'
2019-11-22T15:07:33.248445Z 0 [Note] Shutting down plugin 'INNODB_FT_INDEX_TABLE'
2019-11-22T15:07:33.249444Z 0 [Note] Shutting down plugin 'INNODB_FT_INDEX_CACHE'
2019-11-22T15:07:33.249444Z 0 [Note] Shutting down plugin 'INNODB_FT_CONFIG'
2019-11-22T15:07:33.250444Z 0 [Note] Shutting down plugin 'INNODB_FT_BEING_DELETED'
2019-11-22T15:07:33.250444Z 0 [Note] Shutting down plugin 'INNODB_FT_DELETED'
2019-11-22T15:07:33.251443Z 0 [Note] Shutting down plugin 'INNODB_FT_DEFAULT_STOPWORD'
2019-11-22T15:07:33.252443Z 0 [Note] Shutting down plugin 'INNODB_METRICS'
2019-11-22T15:07:33.252443Z 0 [Note] Shutting down plugin 'INNODB_TEMP_TABLE_INFO'
2019-11-22T15:07:33.253443Z 0 [Note] Shutting down plugin 'INNODB_BUFFER_POOL_STATS'
2019-11-22T15:07:33.253443Z 0 [Note] Shutting down plugin 'INNODB_BUFFER_PAGE_LRU'
2019-11-22T15:07:33.254442Z 0 [Note] Shutting down plugin 'INNODB_BUFFER_PAGE'
2019-11-22T15:07:33.254442Z 0 [Note] Shutting down plugin 'INNODB_CMP_PER_INDEX_RESET'
2019-11-22T15:07:33.255441Z 0 [Note] Shutting down plugin 'INNODB_CMP_PER_INDEX'
2019-11-22T15:07:33.256440Z 0 [Note] Shutting down plugin 'INNODB_CMPMEM_RESET'
2019-11-22T15:07:33.256440Z 0 [Note] Shutting down plugin 'INNODB_CMPMEM'
2019-11-22T15:07:33.257440Z 0 [Note] Shutting down plugin 'INNODB_CMP_RESET'
2019-11-22T15:07:33.257440Z 0 [Note] Shutting down plugin 'INNODB_CMP'
2019-11-22T15:07:33.258439Z 0 [Note] Shutting down plugin 'INNODB_LOCK_WAITS'
2019-11-22T15:07:33.258439Z 0 [Note] Shutting down plugin 'INNODB_LOCKS'
2019-11-22T15:07:33.259439Z 0 [Note] Shutting down plugin 'INNODB_TRX'
2019-11-22T15:07:33.259439Z 0 [Note] Shutting down plugin 'InnoDB'
2019-11-22T15:07:33.260438Z 0 [Note] InnoDB: FTS optimize thread exiting.
2019-11-22T15:07:33.260438Z 0 [Note] InnoDB: Starting shutdown...
2019-11-22T15:07:33.361872Z 0 [Note] InnoDB: Dumping buffer pool(s) to F:\MemoireVive\bin\database\mysql-5.7.11\data\ib_buffer_pool
2019-11-22T15:07:35.019693Z 0 [Note] InnoDB: Buffer pool(s) dump completed at 191122 16:07:35
2019-11-22T15:07:38.694339Z 0 [Note] InnoDB: Shutdown completed; log sequence number 3073648
2019-11-22T15:07:38.742228Z 0 [Note] InnoDB: Removed temporary tablespace data file: "ibtmp1"
2019-11-22T15:07:38.743231Z 0 [Note] Shutting down plugin 'MEMORY'
2019-11-22T15:07:38.743231Z 0 [Note] Shutting down plugin 'CSV'
2019-11-22T15:07:38.744230Z 0 [Note] Shutting down plugin 'sha256_password'
2019-11-22T15:07:38.744230Z 0 [Note] Shutting down plugin 'mysql_native_password'
2019-11-22T15:07:38.745229Z 0 [Note] Shutting down plugin 'binlog'
2019-11-22T15:07:38.772132Z 0 [Note] F:\MemoireVive\bin\database\mysql-5.7.11\bin\mysqld.exe: Shutdown complete

