2019-12-06T15:49:40.129577Z 0 [Warning] TIMESTAMP with implicit DEFAULT value is deprecated. Please use --explicit_defaults_for_timestamp server option (see documentation for more details).
2019-12-06T15:49:40.129577Z 0 [Warning] 'NO_ZERO_DATE', 'NO_ZERO_IN_DATE' and 'ERROR_FOR_DIVISION_BY_ZERO' sql modes should be used with strict mode. They will be merged with strict mode in a future release.
2019-12-06T15:49:40.129577Z 0 [Warning] 'NO_AUTO_CREATE_USER' sql mode was not set.
2019-12-06T15:49:40.129577Z 0 [Warning] Insecure configuration for --secure-file-priv: Current value does not restrict location of generated files. Consider setting it to a valid, non-empty path.
2019-12-06T15:49:40.129577Z 0 [ERROR] Cannot open Windows EventLog; check privileges, or start server with --log_syslog=0
2019-12-06T15:49:40.129577Z 0 [Note] E:\MemoireVive\bin\database\mysql-5.7.11\bin\mysqld.exe (mysqld 5.7.11) starting as process 11708 ...
2019-12-06T15:49:40.340023Z 0 [ERROR] Can't open shared library 'E:\MemoireVive\bin\database\mysql-5.7.11\lib\plugin\keyring_file.dll' (errno: 126 Le module spécifié est introuvable.)
2019-12-06T15:49:40.341020Z 0 [ERROR] Couldn't load plugin named 'keyring_file' with soname 'keyring_file.dll'.
2019-12-06T15:49:40.342018Z 0 [Note] InnoDB: Mutexes and rw_locks use Windows interlocked functions
2019-12-06T15:49:40.343014Z 0 [Note] InnoDB: Uses event mutexes
2019-12-06T15:49:40.343014Z 0 [Note] InnoDB: Memory barrier is not used
2019-12-06T15:49:40.344012Z 0 [Note] InnoDB: Compressed tables use zlib 1.2.3
2019-12-06T15:49:40.344012Z 0 [Note] InnoDB: Number of pools: 1
2019-12-06T15:49:40.345009Z 0 [Note] InnoDB: Not using CPU crc32 instructions
2019-12-06T15:49:40.404853Z 0 [Note] InnoDB: Initializing buffer pool, total size = 128M, instances = 1, chunk size = 128M
2019-12-06T15:49:40.412831Z 0 [Note] InnoDB: Completed initialization of buffer pool
2019-12-06T15:49:41.228686Z 0 [Note] InnoDB: Highest supported file format is Barracuda.
2019-12-06T15:49:43.098769Z 0 [Note] InnoDB: Creating shared tablespace for temporary tables
2019-12-06T15:49:43.100763Z 0 [Note] InnoDB: Setting file '.\ibtmp1' size to 12 MB. Physically writing the file full; Please wait ...
2019-12-06T15:49:50.148231Z 0 [Note] InnoDB: File '.\ibtmp1' size is now 12 MB.
2019-12-06T15:49:50.351696Z 0 [Note] InnoDB: 96 redo rollback segment(s) found. 96 redo rollback segment(s) are active.
2019-12-06T15:49:50.352694Z 0 [Note] InnoDB: 32 non-redo rollback segment(s) are active.
2019-12-06T15:49:50.600044Z 0 [Note] InnoDB: page_cleaner: 1000ms intended loop took 10178ms. The settings might not be optimal. (flushed=0 and evicted=0, during the time.)
2019-12-06T15:49:50.608022Z 0 [Note] InnoDB: 5.7.11 started; log sequence number 3889174
2019-12-06T15:49:50.610017Z 0 [Note] InnoDB: Loading buffer pool(s) from E:\MemoireVive\bin\database\mysql-5.7.11\data\ib_buffer_pool
2019-12-06T15:49:50.613012Z 0 [Note] Plugin 'FEDERATED' is disabled.
2019-12-06T15:49:53.573225Z 0 [Warning] Failed to set up SSL because of the following SSL library error: SSL context is not usable without certificate and private key
2019-12-06T15:49:53.576217Z 0 [Note] Server hostname (bind-address): '*'; port: 3306
2019-12-06T15:49:53.577214Z 0 [Note] IPv6 is available.
2019-12-06T15:49:53.578212Z 0 [Note]   - '::' resolves to '::';
2019-12-06T15:49:53.578212Z 0 [Note] Server socket created on IP: '::'.
2019-12-06T15:49:56.250186Z 0 [Note] InnoDB: Buffer pool(s) load completed at 191206 16:49:56
2019-12-06T15:49:57.585674Z 0 [Note] Event Scheduler: Loaded 0 events
2019-12-06T15:49:57.588667Z 0 [Note] E:\MemoireVive\bin\database\mysql-5.7.11\bin\mysqld.exe: ready for connections.
Version: '5.7.11'  socket: ''  port: 3306  MySQL Community Server (GPL)
2019-12-06T15:58:16.429930Z 0 [Note] E:\MemoireVive\bin\database\mysql-5.7.11\bin\mysqld.exe: Normal shutdown

2019-12-06T15:58:16.430926Z 0 [Note] Giving 0 client threads a chance to die gracefully
2019-12-06T15:58:16.431924Z 0 [Note] Shutting down slave threads
2019-12-06T15:58:16.431924Z 0 [Note] Forcefully disconnecting 0 remaining clients
2019-12-06T15:58:16.432922Z 0 [Note] Event Scheduler: Purging the queue. 0 events
2019-12-06T15:58:16.432922Z 0 [Note] Binlog end
2019-12-06T15:58:16.433919Z 0 [Note] Shutting down plugin 'ngram'
2019-12-06T15:58:16.434922Z 0 [Note] Shutting down plugin 'partition'
2019-12-06T15:58:16.434922Z 0 [Note] Shutting down plugin 'BLACKHOLE'
2019-12-06T15:58:16.435914Z 0 [Note] Shutting down plugin 'ARCHIVE'
2019-12-06T15:58:16.435914Z 0 [Note] Shutting down plugin 'PERFORMANCE_SCHEMA'
2019-12-06T15:58:16.436911Z 0 [Note] Shutting down plugin 'MRG_MYISAM'
2019-12-06T15:58:16.436911Z 0 [Note] Shutting down plugin 'MyISAM'
2019-12-06T15:58:16.436911Z 0 [Note] Shutting down plugin 'INNODB_SYS_VIRTUAL'
2019-12-06T15:58:16.437908Z 0 [Note] Shutting down plugin 'INNODB_SYS_DATAFILES'
2019-12-06T15:58:16.437908Z 0 [Note] Shutting down plugin 'INNODB_SYS_TABLESPACES'
2019-12-06T15:58:16.438906Z 0 [Note] Shutting down plugin 'INNODB_SYS_FOREIGN_COLS'
2019-12-06T15:58:16.438906Z 0 [Note] Shutting down plugin 'INNODB_SYS_FOREIGN'
2019-12-06T15:58:16.439903Z 0 [Note] Shutting down plugin 'INNODB_SYS_FIELDS'
2019-12-06T15:58:16.439903Z 0 [Note] Shutting down plugin 'INNODB_SYS_COLUMNS'
2019-12-06T15:58:16.440900Z 0 [Note] Shutting down plugin 'INNODB_SYS_INDEXES'
2019-12-06T15:58:16.440900Z 0 [Note] Shutting down plugin 'INNODB_SYS_TABLESTATS'
2019-12-06T15:58:16.441897Z 0 [Note] Shutting down plugin 'INNODB_SYS_TABLES'
2019-12-06T15:58:16.441897Z 0 [Note] Shutting down plugin 'INNODB_FT_INDEX_TABLE'
2019-12-06T15:58:16.442895Z 0 [Note] Shutting down plugin 'INNODB_FT_INDEX_CACHE'
2019-12-06T15:58:16.442895Z 0 [Note] Shutting down plugin 'INNODB_FT_CONFIG'
2019-12-06T15:58:16.442895Z 0 [Note] Shutting down plugin 'INNODB_FT_BEING_DELETED'
2019-12-06T15:58:16.443914Z 0 [Note] Shutting down plugin 'INNODB_FT_DELETED'
2019-12-06T15:58:16.444908Z 0 [Note] Shutting down plugin 'INNODB_FT_DEFAULT_STOPWORD'
2019-12-06T15:58:16.445916Z 0 [Note] Shutting down plugin 'INNODB_METRICS'
2019-12-06T15:58:16.445916Z 0 [Note] Shutting down plugin 'INNODB_TEMP_TABLE_INFO'
2019-12-06T15:58:16.446911Z 0 [Note] Shutting down plugin 'INNODB_BUFFER_POOL_STATS'
2019-12-06T15:58:16.446911Z 0 [Note] Shutting down plugin 'INNODB_BUFFER_PAGE_LRU'
2019-12-06T15:58:16.447908Z 0 [Note] Shutting down plugin 'INNODB_BUFFER_PAGE'
2019-12-06T15:58:16.447908Z 0 [Note] Shutting down plugin 'INNODB_CMP_PER_INDEX_RESET'
2019-12-06T15:58:16.448908Z 0 [Note] Shutting down plugin 'INNODB_CMP_PER_INDEX'
2019-12-06T15:58:16.448908Z 0 [Note] Shutting down plugin 'INNODB_CMPMEM_RESET'
2019-12-06T15:58:16.449903Z 0 [Note] Shutting down plugin 'INNODB_CMPMEM'
2019-12-06T15:58:16.449903Z 0 [Note] Shutting down plugin 'INNODB_CMP_RESET'
2019-12-06T15:58:16.450900Z 0 [Note] Shutting down plugin 'INNODB_CMP'
2019-12-06T15:58:16.450900Z 0 [Note] Shutting down plugin 'INNODB_LOCK_WAITS'
2019-12-06T15:58:16.451871Z 0 [Note] Shutting down plugin 'INNODB_LOCKS'
2019-12-06T15:58:16.451871Z 0 [Note] Shutting down plugin 'INNODB_TRX'
2019-12-06T15:58:16.451871Z 0 [Note] Shutting down plugin 'InnoDB'
2019-12-06T15:58:16.452868Z 0 [Note] InnoDB: FTS optimize thread exiting.
2019-12-06T15:58:16.453867Z 0 [Note] InnoDB: Starting shutdown...
2019-12-06T15:58:16.554597Z 0 [Note] InnoDB: Dumping buffer pool(s) to E:\MemoireVive\bin\database\mysql-5.7.11\data\ib_buffer_pool
2019-12-06T15:58:18.901461Z 0 [Note] InnoDB: Buffer pool(s) dump completed at 191206 16:58:18
2019-12-06T15:58:26.988125Z 0 [Note] InnoDB: Shutdown completed; log sequence number 3896634
2019-12-06T15:58:27.041229Z 0 [Note] InnoDB: Removed temporary tablespace data file: "ibtmp1"
2019-12-06T15:58:27.043189Z 0 [Note] Shutting down plugin 'MEMORY'
2019-12-06T15:58:27.044185Z 0 [Note] Shutting down plugin 'CSV'
2019-12-06T15:58:27.046213Z 0 [Note] Shutting down plugin 'sha256_password'
2019-12-06T15:58:27.047208Z 0 [Note] Shutting down plugin 'mysql_native_password'
2019-12-06T15:58:27.049175Z 0 [Note] Shutting down plugin 'binlog'
2019-12-06T15:58:27.076767Z 0 [Note] E:\MemoireVive\bin\database\mysql-5.7.11\bin\mysqld.exe: Shutdown complete

