2019-12-06T12:37:59.671541Z 0 [Warning] TIMESTAMP with implicit DEFAULT value is deprecated. Please use --explicit_defaults_for_timestamp server option (see documentation for more details).
2019-12-06T12:37:59.671541Z 0 [Warning] 'NO_ZERO_DATE', 'NO_ZERO_IN_DATE' and 'ERROR_FOR_DIVISION_BY_ZERO' sql modes should be used with strict mode. They will be merged with strict mode in a future release.
2019-12-06T12:37:59.671541Z 0 [Warning] 'NO_AUTO_CREATE_USER' sql mode was not set.
2019-12-06T12:37:59.671541Z 0 [Warning] Insecure configuration for --secure-file-priv: Current value does not restrict location of generated files. Consider setting it to a valid, non-empty path.
2019-12-06T12:37:59.671541Z 0 [ERROR] Cannot open Windows EventLog; check privileges, or start server with --log_syslog=0
2019-12-06T12:37:59.671541Z 0 [Note] E:\MemoireVive\bin\database\mysql-5.7.11\bin\mysqld.exe (mysqld 5.7.11) starting as process 3988 ...
2019-12-06T12:37:59.828112Z 0 [ERROR] Can't open shared library 'E:\MemoireVive\bin\database\mysql-5.7.11\lib\plugin\keyring_file.dll' (errno: 126 Le module spécifié est introuvable.)
2019-12-06T12:37:59.828112Z 0 [ERROR] Couldn't load plugin named 'keyring_file' with soname 'keyring_file.dll'.
2019-12-06T12:37:59.830107Z 0 [Note] InnoDB: Mutexes and rw_locks use Windows interlocked functions
2019-12-06T12:37:59.830107Z 0 [Note] InnoDB: Uses event mutexes
2019-12-06T12:37:59.831104Z 0 [Note] InnoDB: Memory barrier is not used
2019-12-06T12:37:59.831104Z 0 [Note] InnoDB: Compressed tables use zlib 1.2.3
2019-12-06T12:37:59.831104Z 0 [Note] InnoDB: Number of pools: 1
2019-12-06T12:37:59.832102Z 0 [Note] InnoDB: Not using CPU crc32 instructions
2019-12-06T12:37:59.872029Z 0 [Note] InnoDB: Initializing buffer pool, total size = 128M, instances = 1, chunk size = 128M
2019-12-06T12:37:59.878010Z 0 [Note] InnoDB: Completed initialization of buffer pool
2019-12-06T12:38:00.614569Z 0 [Note] InnoDB: Highest supported file format is Barracuda.
2019-12-06T12:38:09.987303Z 0 [Note] InnoDB: Creating shared tablespace for temporary tables
2019-12-06T12:38:09.999118Z 0 [Note] InnoDB: Setting file '.\ibtmp1' size to 12 MB. Physically writing the file full; Please wait ...
2019-12-06T12:38:17.018714Z 0 [Note] InnoDB: File '.\ibtmp1' size is now 12 MB.
2019-12-06T12:38:17.065563Z 0 [Note] InnoDB: 96 redo rollback segment(s) found. 96 redo rollback segment(s) are active.
2019-12-06T12:38:17.065563Z 0 [Note] InnoDB: 32 non-redo rollback segment(s) are active.
2019-12-06T12:38:17.066561Z 0 [Note] InnoDB: Waiting for purge to start
2019-12-06T12:38:17.117689Z 0 [Note] InnoDB: page_cleaner: 1000ms intended loop took 17237ms. The settings might not be optimal. (flushed=0 and evicted=0, during the time.)
2019-12-06T12:38:17.118686Z 0 [Note] InnoDB: 5.7.11 started; log sequence number 3857024
2019-12-06T12:38:17.119683Z 0 [Note] Plugin 'FEDERATED' is disabled.
2019-12-06T12:38:17.119683Z 0 [Note] InnoDB: Loading buffer pool(s) from E:\MemoireVive\bin\database\mysql-5.7.11\data\ib_buffer_pool
2019-12-06T12:38:20.845240Z 0 [Warning] Failed to set up SSL because of the following SSL library error: SSL context is not usable without certificate and private key
2019-12-06T12:38:20.847239Z 0 [Note] Server hostname (bind-address): '*'; port: 3306
2019-12-06T12:38:20.848274Z 0 [Note] IPv6 is available.
2019-12-06T12:38:20.848274Z 0 [Note]   - '::' resolves to '::';
2019-12-06T12:38:20.848274Z 0 [Note] Server socket created on IP: '::'.
2019-12-06T12:38:27.476628Z 0 [Note] InnoDB: Buffer pool(s) load completed at 191206 13:38:27
2019-12-06T12:38:30.419862Z 0 [Note] Event Scheduler: Loaded 0 events
2019-12-06T12:38:30.419862Z 0 [Note] E:\MemoireVive\bin\database\mysql-5.7.11\bin\mysqld.exe: ready for connections.
Version: '5.7.11'  socket: ''  port: 3306  MySQL Community Server (GPL)
2019-12-06T12:46:07.811537Z 0 [Note] InnoDB: page_cleaner: 1000ms intended loop took 5493ms. The settings might not be optimal. (flushed=0 and evicted=0, during the time.)
2019-12-06T12:48:33.889701Z 0 [Note] InnoDB: page_cleaner: 1000ms intended loop took 7855ms. The settings might not be optimal. (flushed=0 and evicted=0, during the time.)
2019-12-06T12:48:56.656362Z 0 [Note] InnoDB: page_cleaner: 1000ms intended loop took 11141ms. The settings might not be optimal. (flushed=0 and evicted=0, during the time.)
2019-12-06T12:49:22.151899Z 0 [Note] InnoDB: page_cleaner: 1000ms intended loop took 4804ms. The settings might not be optimal. (flushed=6 and evicted=0, during the time.)
2019-12-06T12:51:17.596034Z 0 [Note] InnoDB: page_cleaner: 1000ms intended loop took 12488ms. The settings might not be optimal. (flushed=0 and evicted=0, during the time.)
2019-12-06T12:51:31.926899Z 0 [Note] InnoDB: page_cleaner: 1000ms intended loop took 12680ms. The settings might not be optimal. (flushed=0 and evicted=0, during the time.)
2019-12-06T12:51:39.683542Z 0 [Note] InnoDB: page_cleaner: 1000ms intended loop took 5756ms. The settings might not be optimal. (flushed=23 and evicted=0, during the time.)
2019-12-06T13:01:28.942803Z 0 [Note] InnoDB: page_cleaner: 1000ms intended loop took 5524ms. The settings might not be optimal. (flushed=0 and evicted=0, during the time.)
2019-12-06T13:01:35.524885Z 0 [Note] InnoDB: page_cleaner: 1000ms intended loop took 4581ms. The settings might not be optimal. (flushed=6 and evicted=0, during the time.)
2019-12-06T13:01:43.453596Z 0 [Note] InnoDB: page_cleaner: 1000ms intended loop took 6928ms. The settings might not be optimal. (flushed=0 and evicted=0, during the time.)
2019-12-06T15:22:29.767661Z 0 [Note] InnoDB: page_cleaner: 1000ms intended loop took 4352ms. The settings might not be optimal. (flushed=3 and evicted=0, during the time.)
2019-12-06T15:22:42.488267Z 0 [Note] InnoDB: page_cleaner: 1000ms intended loop took 7718ms. The settings might not be optimal. (flushed=0 and evicted=0, during the time.)
2019-12-06T15:44:17.984637Z 0 [Note] E:\MemoireVive\bin\database\mysql-5.7.11\bin\mysqld.exe: Normal shutdown

2019-12-06T15:44:17.985636Z 0 [Note] Giving 0 client threads a chance to die gracefully
2019-12-06T15:44:17.985636Z 0 [Note] Shutting down slave threads
2019-12-06T15:44:17.986634Z 0 [Note] Forcefully disconnecting 0 remaining clients
2019-12-06T15:44:17.986634Z 0 [Note] Event Scheduler: Purging the queue. 0 events
2019-12-06T15:44:17.986634Z 0 [Note] Binlog end
2019-12-06T15:44:17.988629Z 0 [Note] Shutting down plugin 'ngram'
2019-12-06T15:44:17.988629Z 0 [Note] Shutting down plugin 'partition'
2019-12-06T15:44:17.988629Z 0 [Note] Shutting down plugin 'BLACKHOLE'
2019-12-06T15:44:17.989625Z 0 [Note] Shutting down plugin 'ARCHIVE'
2019-12-06T15:44:17.989625Z 0 [Note] Shutting down plugin 'PERFORMANCE_SCHEMA'
2019-12-06T15:44:17.989625Z 0 [Note] Shutting down plugin 'MRG_MYISAM'
2019-12-06T15:44:17.990622Z 0 [Note] Shutting down plugin 'MyISAM'
2019-12-06T15:44:17.990622Z 0 [Note] Shutting down plugin 'INNODB_SYS_VIRTUAL'
2019-12-06T15:44:17.990622Z 0 [Note] Shutting down plugin 'INNODB_SYS_DATAFILES'
2019-12-06T15:44:17.990622Z 0 [Note] Shutting down plugin 'INNODB_SYS_TABLESPACES'
2019-12-06T15:44:17.991648Z 0 [Note] Shutting down plugin 'INNODB_SYS_FOREIGN_COLS'
2019-12-06T15:44:17.991648Z 0 [Note] Shutting down plugin 'INNODB_SYS_FOREIGN'
2019-12-06T15:44:17.991648Z 0 [Note] Shutting down plugin 'INNODB_SYS_FIELDS'
2019-12-06T15:44:17.992617Z 0 [Note] Shutting down plugin 'INNODB_SYS_COLUMNS'
2019-12-06T15:44:17.992617Z 0 [Note] Shutting down plugin 'INNODB_SYS_INDEXES'
2019-12-06T15:44:17.992617Z 0 [Note] Shutting down plugin 'INNODB_SYS_TABLESTATS'
2019-12-06T15:44:17.992617Z 0 [Note] Shutting down plugin 'INNODB_SYS_TABLES'
2019-12-06T15:44:17.993615Z 0 [Note] Shutting down plugin 'INNODB_FT_INDEX_TABLE'
2019-12-06T15:44:17.993615Z 0 [Note] Shutting down plugin 'INNODB_FT_INDEX_CACHE'
2019-12-06T15:44:17.993615Z 0 [Note] Shutting down plugin 'INNODB_FT_CONFIG'
2019-12-06T15:44:17.993615Z 0 [Note] Shutting down plugin 'INNODB_FT_BEING_DELETED'
2019-12-06T15:44:17.994612Z 0 [Note] Shutting down plugin 'INNODB_FT_DELETED'
2019-12-06T15:44:17.994612Z 0 [Note] Shutting down plugin 'INNODB_FT_DEFAULT_STOPWORD'
2019-12-06T15:44:17.995610Z 0 [Note] Shutting down plugin 'INNODB_METRICS'
2019-12-06T15:44:17.995610Z 0 [Note] Shutting down plugin 'INNODB_TEMP_TABLE_INFO'
2019-12-06T15:44:17.995610Z 0 [Note] Shutting down plugin 'INNODB_BUFFER_POOL_STATS'
2019-12-06T15:44:17.995610Z 0 [Note] Shutting down plugin 'INNODB_BUFFER_PAGE_LRU'
2019-12-06T15:44:17.996606Z 0 [Note] Shutting down plugin 'INNODB_BUFFER_PAGE'
2019-12-06T15:44:17.996606Z 0 [Note] Shutting down plugin 'INNODB_CMP_PER_INDEX_RESET'
2019-12-06T15:44:17.996606Z 0 [Note] Shutting down plugin 'INNODB_CMP_PER_INDEX'
2019-12-06T15:44:17.996606Z 0 [Note] Shutting down plugin 'INNODB_CMPMEM_RESET'
2019-12-06T15:44:17.996606Z 0 [Note] Shutting down plugin 'INNODB_CMPMEM'
2019-12-06T15:44:17.997603Z 0 [Note] Shutting down plugin 'INNODB_CMP_RESET'
2019-12-06T15:44:17.997603Z 0 [Note] Shutting down plugin 'INNODB_CMP'
2019-12-06T15:44:17.997603Z 0 [Note] Shutting down plugin 'INNODB_LOCK_WAITS'
2019-12-06T15:44:17.997603Z 0 [Note] Shutting down plugin 'INNODB_LOCKS'
2019-12-06T15:44:17.998601Z 0 [Note] Shutting down plugin 'INNODB_TRX'
2019-12-06T15:44:17.998601Z 0 [Note] Shutting down plugin 'InnoDB'
2019-12-06T15:44:17.998601Z 0 [Note] InnoDB: FTS optimize thread exiting.
2019-12-06T15:44:17.998601Z 0 [Note] InnoDB: Starting shutdown...
2019-12-06T15:44:18.099818Z 0 [Note] InnoDB: Dumping buffer pool(s) to E:\MemoireVive\bin\database\mysql-5.7.11\data\ib_buffer_pool
2019-12-06T15:44:19.780470Z 0 [Note] InnoDB: Buffer pool(s) dump completed at 191206 16:44:19
2019-12-06T15:44:28.135328Z 0 [Note] InnoDB: Shutdown completed; log sequence number 3889174
2019-12-06T15:44:28.193064Z 0 [Note] InnoDB: Removed temporary tablespace data file: "ibtmp1"
2019-12-06T15:44:28.194067Z 0 [Note] Shutting down plugin 'MEMORY'
2019-12-06T15:44:28.195064Z 0 [Note] Shutting down plugin 'CSV'
2019-12-06T15:44:28.195064Z 0 [Note] Shutting down plugin 'sha256_password'
2019-12-06T15:44:28.196060Z 0 [Note] Shutting down plugin 'mysql_native_password'
2019-12-06T15:44:28.197057Z 0 [Note] Shutting down plugin 'binlog'
2019-12-06T15:44:28.224468Z 0 [Note] E:\MemoireVive\bin\database\mysql-5.7.11\bin\mysqld.exe: Shutdown complete

