2019-10-11T11:32:19.125546Z 0 [Warning] TIMESTAMP with implicit DEFAULT value is deprecated. Please use --explicit_defaults_for_timestamp server option (see documentation for more details).
2019-10-11T11:32:19.125546Z 0 [Warning] 'NO_ZERO_DATE', 'NO_ZERO_IN_DATE' and 'ERROR_FOR_DIVISION_BY_ZERO' sql modes should be used with strict mode. They will be merged with strict mode in a future release.
2019-10-11T11:32:19.125546Z 0 [Warning] 'NO_AUTO_CREATE_USER' sql mode was not set.
2019-10-11T11:32:19.125546Z 0 [Warning] Insecure configuration for --secure-file-priv: Current value does not restrict location of generated files. Consider setting it to a valid, non-empty path.
2019-10-11T11:32:19.125546Z 0 [ERROR] Cannot open Windows EventLog; check privileges, or start server with --log_syslog=0
2019-10-11T11:32:19.125546Z 0 [Note] G:\Web\UWAMP\UWamp\UWamp\bin\database\mysql-5.7.11\bin\mysqld.exe (mysqld 5.7.11) starting as process 5288 ...
2019-10-11T11:32:22.421329Z 0 [ERROR] Can't open shared library 'G:\Web\UWAMP\UWamp\UWamp\bin\database\mysql-5.7.11\lib\plugin\keyring_file.dll' (errno: 126 Le module spécifié est introuvable.)
2019-10-11T11:32:22.422327Z 0 [ERROR] Couldn't load plugin named 'keyring_file' with soname 'keyring_file.dll'.
2019-10-11T11:32:22.423324Z 0 [Note] InnoDB: Mutexes and rw_locks use Windows interlocked functions
2019-10-11T11:32:22.424353Z 0 [Note] InnoDB: Uses event mutexes
2019-10-11T11:32:22.424353Z 0 [Note] InnoDB: Memory barrier is not used
2019-10-11T11:32:22.424353Z 0 [Note] InnoDB: Compressed tables use zlib 1.2.3
2019-10-11T11:32:22.425347Z 0 [Note] InnoDB: Number of pools: 1
2019-10-11T11:32:22.425347Z 0 [Note] InnoDB: Not using CPU crc32 instructions
2019-10-11T11:32:22.465240Z 0 [Note] InnoDB: Initializing buffer pool, total size = 128M, instances = 1, chunk size = 128M
2019-10-11T11:32:22.471225Z 0 [Note] InnoDB: Completed initialization of buffer pool
2019-10-11T11:32:27.931727Z 0 [Note] InnoDB: Highest supported file format is Barracuda.
2019-10-11T11:32:36.913740Z 0 [Note] InnoDB: Creating shared tablespace for temporary tables
2019-10-11T11:32:36.919251Z 0 [Note] InnoDB: Setting file '.\ibtmp1' size to 12 MB. Physically writing the file full; Please wait ...
2019-10-11T11:32:44.179301Z 0 [Note] InnoDB: File '.\ibtmp1' size is now 12 MB.
2019-10-11T11:32:44.257576Z 0 [Note] InnoDB: 96 redo rollback segment(s) found. 96 redo rollback segment(s) are active.
2019-10-11T11:32:44.258573Z 0 [Note] InnoDB: 32 non-redo rollback segment(s) are active.
2019-10-11T11:32:44.273393Z 0 [Note] InnoDB: page_cleaner: 1000ms intended loop took 21795ms. The settings might not be optimal. (flushed=0 and evicted=0, during the time.)
2019-10-11T11:32:44.289677Z 0 [Note] InnoDB: 5.7.11 started; log sequence number 2648717
2019-10-11T11:32:44.291314Z 0 [Note] InnoDB: Loading buffer pool(s) from G:\Web\UWAMP\UWamp\UWamp\bin\database\mysql-5.7.11\data\ib_buffer_pool
2019-10-11T11:32:44.293312Z 0 [Note] Plugin 'FEDERATED' is disabled.
2019-10-11T11:32:46.507745Z 0 [Warning] Failed to set up SSL because of the following SSL library error: SSL context is not usable without certificate and private key
2019-10-11T11:32:46.509742Z 0 [Note] Server hostname (bind-address): '*'; port: 3306
2019-10-11T11:32:46.510740Z 0 [Note] IPv6 is available.
2019-10-11T11:32:46.510740Z 0 [Note]   - '::' resolves to '::';
2019-10-11T11:32:46.510740Z 0 [Note] Server socket created on IP: '::'.
2019-10-11T11:32:51.692612Z 0 [Note] InnoDB: Buffer pool(s) load completed at 191011 13:32:51
2019-10-11T11:33:04.742290Z 0 [Note] Event Scheduler: Loaded 0 events
2019-10-11T11:33:04.746456Z 0 [Note] G:\Web\UWAMP\UWamp\UWamp\bin\database\mysql-5.7.11\bin\mysqld.exe: ready for connections.
Version: '5.7.11'  socket: ''  port: 3306  MySQL Community Server (GPL)
2019-10-11T11:36:11.947373Z 0 [Note] G:\Web\UWAMP\UWamp\UWamp\bin\database\mysql-5.7.11\bin\mysqld.exe: Normal shutdown

2019-10-11T11:36:11.948371Z 0 [Note] Giving 0 client threads a chance to die gracefully
2019-10-11T11:36:11.948371Z 0 [Note] Shutting down slave threads
2019-10-11T11:36:11.949368Z 0 [Note] Forcefully disconnecting 0 remaining clients
2019-10-11T11:36:11.949368Z 0 [Note] Event Scheduler: Purging the queue. 0 events
2019-10-11T11:36:11.949368Z 0 [Note] Binlog end
2019-10-11T11:36:13.592516Z 0 [Note] Shutting down plugin 'ngram'
2019-10-11T11:36:13.593576Z 0 [Note] Shutting down plugin 'partition'
2019-10-11T11:36:13.594564Z 0 [Note] Shutting down plugin 'BLACKHOLE'
2019-10-11T11:36:13.595560Z 0 [Note] Shutting down plugin 'ARCHIVE'
2019-10-11T11:36:13.596558Z 0 [Note] Shutting down plugin 'PERFORMANCE_SCHEMA'
2019-10-11T11:36:13.597546Z 0 [Note] Shutting down plugin 'MRG_MYISAM'
2019-10-11T11:36:13.597546Z 0 [Note] Shutting down plugin 'MyISAM'
2019-10-11T11:36:13.597546Z 0 [Note] Shutting down plugin 'INNODB_SYS_VIRTUAL'
2019-10-11T11:36:13.598540Z 0 [Note] Shutting down plugin 'INNODB_SYS_DATAFILES'
2019-10-11T11:36:13.598540Z 0 [Note] Shutting down plugin 'INNODB_SYS_TABLESPACES'
2019-10-11T11:36:13.598540Z 0 [Note] Shutting down plugin 'INNODB_SYS_FOREIGN_COLS'
2019-10-11T11:36:13.599538Z 0 [Note] Shutting down plugin 'INNODB_SYS_FOREIGN'
2019-10-11T11:36:13.599538Z 0 [Note] Shutting down plugin 'INNODB_SYS_FIELDS'
2019-10-11T11:36:13.599538Z 0 [Note] Shutting down plugin 'INNODB_SYS_COLUMNS'
2019-10-11T11:36:13.600537Z 0 [Note] Shutting down plugin 'INNODB_SYS_INDEXES'
2019-10-11T11:36:13.600537Z 0 [Note] Shutting down plugin 'INNODB_SYS_TABLESTATS'
2019-10-11T11:36:13.600537Z 0 [Note] Shutting down plugin 'INNODB_SYS_TABLES'
2019-10-11T11:36:13.601536Z 0 [Note] Shutting down plugin 'INNODB_FT_INDEX_TABLE'
2019-10-11T11:36:13.601536Z 0 [Note] Shutting down plugin 'INNODB_FT_INDEX_CACHE'
2019-10-11T11:36:13.601536Z 0 [Note] Shutting down plugin 'INNODB_FT_CONFIG'
2019-10-11T11:36:13.602530Z 0 [Note] Shutting down plugin 'INNODB_FT_BEING_DELETED'
2019-10-11T11:36:13.602530Z 0 [Note] Shutting down plugin 'INNODB_FT_DELETED'
2019-10-11T11:36:13.602530Z 0 [Note] Shutting down plugin 'INNODB_FT_DEFAULT_STOPWORD'
2019-10-11T11:36:13.603527Z 0 [Note] Shutting down plugin 'INNODB_METRICS'
2019-10-11T11:36:13.603527Z 0 [Note] Shutting down plugin 'INNODB_TEMP_TABLE_INFO'
2019-10-11T11:36:13.603527Z 0 [Note] Shutting down plugin 'INNODB_BUFFER_POOL_STATS'
2019-10-11T11:36:13.604524Z 0 [Note] Shutting down plugin 'INNODB_BUFFER_PAGE_LRU'
2019-10-11T11:36:13.604524Z 0 [Note] Shutting down plugin 'INNODB_BUFFER_PAGE'
2019-10-11T11:36:13.604524Z 0 [Note] Shutting down plugin 'INNODB_CMP_PER_INDEX_RESET'
2019-10-11T11:36:13.605522Z 0 [Note] Shutting down plugin 'INNODB_CMP_PER_INDEX'
2019-10-11T11:36:13.605522Z 0 [Note] Shutting down plugin 'INNODB_CMPMEM_RESET'
2019-10-11T11:36:13.605522Z 0 [Note] Shutting down plugin 'INNODB_CMPMEM'
2019-10-11T11:36:13.606521Z 0 [Note] Shutting down plugin 'INNODB_CMP_RESET'
2019-10-11T11:36:13.606521Z 0 [Note] Shutting down plugin 'INNODB_CMP'
2019-10-11T11:36:13.606521Z 0 [Note] Shutting down plugin 'INNODB_LOCK_WAITS'
2019-10-11T11:36:13.606521Z 0 [Note] Shutting down plugin 'INNODB_LOCKS'
2019-10-11T11:36:13.607517Z 0 [Note] Shutting down plugin 'INNODB_TRX'
2019-10-11T11:36:13.607517Z 0 [Note] Shutting down plugin 'InnoDB'
2019-10-11T11:36:13.607517Z 0 [Note] InnoDB: FTS optimize thread exiting.
2019-10-11T11:36:13.608509Z 0 [Note] InnoDB: Starting shutdown...
2019-10-11T11:36:13.709448Z 0 [Note] InnoDB: Dumping buffer pool(s) to G:\Web\UWAMP\UWamp\UWamp\bin\database\mysql-5.7.11\data\ib_buffer_pool
2019-10-11T11:36:18.478859Z 0 [Note] InnoDB: Buffer pool(s) dump completed at 191011 13:36:18
2019-10-11T11:36:20.660599Z 0 [Note] InnoDB: Shutdown completed; log sequence number 2648745
2019-10-11T11:36:20.707362Z 0 [Note] InnoDB: Removed temporary tablespace data file: "ibtmp1"
2019-10-11T11:36:20.708394Z 0 [Note] Shutting down plugin 'MEMORY'
2019-10-11T11:36:20.708394Z 0 [Note] Shutting down plugin 'CSV'
2019-10-11T11:36:20.708394Z 0 [Note] Shutting down plugin 'sha256_password'
2019-10-11T11:36:20.709391Z 0 [Note] Shutting down plugin 'mysql_native_password'
2019-10-11T11:36:20.709391Z 0 [Note] Shutting down plugin 'binlog'
2019-10-11T11:36:20.753191Z 0 [Note] G:\Web\UWAMP\UWamp\UWamp\bin\database\mysql-5.7.11\bin\mysqld.exe: Shutdown complete

